#
# A fatal error has been detected by the Java Runtime Environment:
#
#  EXCEPTION_ACCESS_VIOLATION (0xc0000005) at pc=0x00007ff84f2d1720, pid=2060, tid=20108
#
# JRE version: Java(TM) SE Runtime Environment (21.0.6+8) (build 21.0.6+8-LTS-188)
# Java VM: Java HotSpot(TM) 64-Bit Server VM (21.0.6+8-LTS-188, mixed mode, sharing, tiered, compressed oops, compressed class ptrs, g1 gc, windows-amd64)
# Problematic frame:
# C  [python39.dll+0x91720]  _PyObject_GetMethod+0x140
#
# No core dump will be written. Minidumps are not enabled by default on client versions of Windows
#
# If you would like to submit a bug report, please visit:
#   https://bugreport.java.com/bugreport/crash.jsp
#

---------------  S U M M A R Y ------------

Command Line: -Dfile.encoding=UTF8 -Dorg.slf4j.simpleLogger.defaultLogLevel=off -Dorg.apache.commons.logging.Log=org.apache.commons.logging.impl.NoOpLog 

Host: AMD Ryzen 5 4600H with Radeon Graphics         , 12 cores, 15G,  Windows 11 , 64 bit Build 26100 (10.0.26100.3912)
Time: Sat May 31 22:11:54 2025 SE Asia Standard Time elapsed time: 558.815859 seconds (0d 0h 9m 18s)

---------------  T H R E A D  ---------------

Current thread (0x00000200350f8ab0):  VMThread "VM Thread"          [id=20108, stack(0x000000f510da0000,0x000000f510f90000) (1984K)]

Stack: [0x000000f510da0000,0x000000f510f90000],  sp=0x000000f510f8ec20,  free space=1979k
Native frames: (J=compiled Java code, j=interpreted, Vv=VM code, C=native code)
C  [python39.dll+0x91720]  _PyObject_GetMethod+0x140  (object.c:1133)
C  [python39.dll+0x3aa28]  PyObject_CallMethodObjArgs+0x3c  (call.c:845)
C  0x00007ffeffe424a4
C  0x00007ffeffe7689e
C  0x00007fff00478c85
C  0x00007fff005799f9
C  0x00007fff00998ae5
C  [ucrtbase.dll+0x4bc75]
C  [ucrtbase.dll+0x4b897]
C  [ucrtbase.dll+0x4b84d]
C  0x00007fff0098f929
C  0x00007fff0098fa4e
C  [ntdll.dll+0x88083]
C  [ntdll.dll+0x9da1f]
C  [ntdll.dll+0x9c794]
C  [KERNEL32.DLL+0x418ab]
C  [ucrtbase.dll+0xa0093]
C  0x00007ffefcd938fa
C  0x00007ffefcaab224
C  0x00007ffefcf2d920
C  0x00007ffefcf2eca4
C  0x00007ffefcf2f1e0
C  0x00007ffefcf2f483
C  0x00007ffefcecf2fb
C  0x00007ffefcd98dbd
C  [ucrtbase.dll+0x37b0]
C  [KERNEL32.DLL+0x2e8d7]
C  [ntdll.dll+0x9c5dc]


siginfo: EXCEPTION_ACCESS_VIOLATION (0xc0000005), reading address 0x0000000000000058


Registers:
RAX=0x0000000000000000, RBX=0x00000200105c9700, RCX=0x00000000ffffffff, RDX=0x000002004aecc5f0
RSP=0x000000f510f8ec20, RBP=0x000002000be86970, RSI=0x000002004aecc5f0, RDI=0x000002001036b480
R8 =0x00000200105c1c10, R9 =0x000000f510f8ec20, R10=0x00000200105c1be0, R11=0x000000f510f8ebc0
R12=0x000000f510f8eca0, R13=0x0000000000000000, R14=0x00000200240837f0, R15=0x0000000000000001
RIP=0x00007ff84f2d1720, EFLAGS=0x0000000000010202


Register to memory mapping:

RAX=0x0 is null
RBX=0x00000200105c9700 points into unknown readable memory: 0x0000000000000002 | 02 00 00 00 00 00 00 00
RCX=0x00000000ffffffff is an unallocated location in the heap
RDX=0x000002004aecc5f0 points into unknown readable memory: 0x0000000000000002 | 02 00 00 00 00 00 00 00
RSP=0x000000f510f8ec20 points into unknown readable memory: 0x0000000000000000 | 00 00 00 00 00 00 00 00
RBP=0x000002000be86970 points into unknown readable memory: 0x0000000000000001 | 01 00 00 00 00 00 00 00
RSI=0x000002004aecc5f0 points into unknown readable memory: 0x0000000000000002 | 02 00 00 00 00 00 00 00
RDI=0x000002001036b480 points into unknown readable memory: 0x0000000000000001 | 01 00 00 00 00 00 00 00
R8 =0x00000200105c1c10 points into unknown readable memory: 0x468f037a68c4a6e1 | e1 a6 c4 68 7a 03 8f 46
R9 =0x000000f510f8ec20 points into unknown readable memory: 0x0000000000000000 | 00 00 00 00 00 00 00 00
R10=0x00000200105c1be0 points into unknown readable memory: 0x0000000000000003 | 03 00 00 00 00 00 00 00
R11=0x000000f510f8ebc0 points into unknown readable memory: 0x0000000000000001 | 01 00 00 00 00 00 00 00
R12=0x000000f510f8eca0 points into unknown readable memory: 0x0000000000000000 | 00 00 00 00 00 00 00 00
R13=0x0 is null
R14=0x00000200240837f0 points into unknown readable memory: 0x0000000000000005 | 05 00 00 00 00 00 00 00
R15=0x0000000000000001 is an unknown value

Top of Stack: (sp=0x000000f510f8ec20)
0x000000f510f8ec20:   0000000000000000 00000200105c9700
0x000000f510f8ec30:   000002004aecc5f0 0000000000000003
0x000000f510f8ec40:   0000020018c072d0 000000f510f8f028
0x000000f510f8ec50:   000000007ffe0385 00007fff003e0000
0x000000f510f8ec60:   000002000be86970 0000000000000000
0x000000f510f8ec70:   000000f510f8edd0 00007ff84f27aa28
0x000000f510f8ec80:   000000f500000001 000002004aecc5f0
0x000000f510f8ec90:   00007fff000470a2 0000000000000000
0x000000f510f8eca0:   0000000000000000 0000000000000000
0x000000f510f8ecb0:   000001ffd66453b0 00000200390f3b20
0x000000f510f8ecc0:   000002004aecc5f0 00007ffeffe424a4
0x000000f510f8ecd0:   0000000000000000 000002004aecc5f0
0x000000f510f8ece0:   00000200390f3b20 0000000000000000
0x000000f510f8ecf0:   00007fff00b729d7 000000f510f8eea0
0x000000f510f8ed00:   0000000000000000 000000f510f8ee40
0x000000f510f8ed10:   00007fff006006b0 00000200390f3b20
0x000000f510f8ed20:   000002004aecc5f0 0000000000000000
0x000000f510f8ed30:   0000020018c072d0 000000f510f8f028
0x000000f510f8ed40:   000000007ffe0385 00007fff003e0000
0x000000f510f8ed50:   000002000fead620 0000000000000000
0x000000f510f8ed60:   000002000f6cc020 00007ff8af1ce0fb
0x000000f510f8ed70:   000001ff93c00000 000000f500000000
0x000000f510f8ed80:   000002000fead620 000001ffd45ec130
0x000000f510f8ed90:   0000020018c072d0 000000f510f8f028
0x000000f510f8eda0:   000000007ffe0385 00007fff003e0000
0x000000f510f8edb0:   0000836eadb178f6 0000000000000000
0x000000f510f8edc0:   00000000057c0000 0000020018c072d0
0x000000f510f8edd0:   000000007ffe0385 0000000000000032
0x000000f510f8ede0:   000000f510f8f028 00007fff003e0000
0x000000f510f8edf0:   0000000000000031 00000000000000c0
0x000000f510f8ee00:   0000000000000000 00007fff006007b9
0x000000f510f8ee10:   0000ee12a19219d3 000001ffd45ec130 

Instructions: (pc=0x00007ff84f2d1720)
0x00007ff84f2d1620:   08 f7 80 a8 00 00 00 00 00 00 10 0f 84 21 01 00
0x00007ff84f2d1630:   00 4d 39 ae 08 01 00 00 0f 84 88 c8 10 00 48 8d
0x00007ff84f2d1640:   05 fb 4a 36 00 41 bf 01 00 00 00 48 8d 3d 2e b1
0x00007ff84f2d1650:   39 00 48 39 46 08 0f 85 03 01 00 00 f6 46 20 80
0x00007ff84f2d1660:   0f 84 f9 00 00 00 48 83 7e 10 64 0f 8f ee 00 00
0x00007ff84f2d1670:   00 41 f7 86 a8 00 00 00 00 00 08 00 0f 84 dd 00
0x00007ff84f2d1680:   00 00 41 8b 8e 80 01 00 00 8b 46 18 48 33 c1 25
0x00007ff84f2d1690:   ff 0f 00 00 48 8d 1c 40 39 0c df 0f 85 be 00 00
0x00007ff84f2d16a0:   00 48 39 74 df 08 0f 85 b3 00 00 00 48 8b 5c df
0x00007ff84f2d16b0:   10 48 85 db 74 1c 48 8b 43 08 4c 01 3b f7 80 a8
0x00007ff84f2d16c0:   00 00 00 00 00 02 00 0f 84 1f c8 10 00 44 89 7c
0x00007ff84f2d16d0:   24 60 4c 8b 45 08 49 8b 90 20 01 00 00 48 85 d2
0x00007ff84f2d16e0:   74 49 0f 88 38 c8 10 00 48 8d 3c 2a 48 85 ff 74
0x00007ff84f2d16f0:   3a 48 8b 3f 48 85 ff 74 32 4c 01 3f 48 8b d6 48
0x00007ff84f2d1700:   8b cf e8 a5 f1 ff ff 48 85 c0 0f 85 16 01 00 00
0x00007ff84f2d1710:   4c 29 3f 0f 84 41 c8 10 00 48 8b 05 80 52 39 00
0x00007ff84f2d1720:   48 83 78 58 00 0f 85 0b 01 00 00 83 7c 24 60 00
0x00007ff84f2d1730:   0f 84 c3 00 00 00 49 89 1c 24 41 8b c7 48 8b 5c
0x00007ff84f2d1740:   24 68 48 83 c4 20 41 5f 41 5e 41 5d 41 5c 5f 5e
0x00007ff84f2d1750:   5d c3 e8 95 b4 ff ff 49 89 04 24 33 c0 eb de 4c
0x00007ff84f2d1760:   8d 44 24 78 48 8b d6 49 8b ce e8 a5 a8 ff ff 48
0x00007ff84f2d1770:   8b d8 8b 44 24 78 85 c0 0f 85 5d c7 10 00 48 8d
0x00007ff84f2d1780:   05 bb 49 36 00 48 39 46 08 0f 85 22 ff ff ff f6
0x00007ff84f2d1790:   46 20 80 0f 84 18 ff ff ff 48 83 7e 10 64 0f 8f
0x00007ff84f2d17a0:   0d ff ff ff 49 8b ce e8 b4 a9 ff ff 85 c0 0f 84
0x00007ff84f2d17b0:   fd fe ff ff 41 8b 86 80 01 00 00 8b 4e 18 48 33
0x00007ff84f2d17c0:   c8 81 e1 ff 0f 00 00 48 8d 14 49 89 04 d7 48 8d
0x00007ff84f2d17d0:   04 49 48 89 5c c7 10 4c 01 3e 48 8b 4c d7 08 48
0x00007ff84f2d17e0:   89 74 d7 08 4c 29 39 0f 85 c4 fe ff ff 48 8b 41
0x00007ff84f2d17f0:   08 ff 50 30 e9 b8 fe ff ff 4d 85 ed 0f 85 08 c7
0x00007ff84f2d1800:   10 00 48 85 db 75 46 4d 8b 46 18 48 8d 15 ee ee
0x00007ff84f2d1810:   1a 00 48 8b 0d 7f 7e 38 00 4c 8b ce e8 17 26 f9 


Stack slot to memory mapping:

stack at sp + 0 slots: 0x0 is null
stack at sp + 1 slots: 0x00000200105c9700 points into unknown readable memory: 0x0000000000000002 | 02 00 00 00 00 00 00 00
stack at sp + 2 slots: 0x000002004aecc5f0 points into unknown readable memory: 0x0000000000000002 | 02 00 00 00 00 00 00 00
stack at sp + 3 slots: 0x0000000000000003 is an unknown value
stack at sp + 4 slots: 0x0000020018c072d0 points into unknown readable memory: 0xfff095d834aaf293 | 93 f2 aa 34 d8 95 f0 ff
stack at sp + 5 slots: 0x000000f510f8f028 points into unknown readable memory: 0x000000f510f8f010 | 10 f0 f8 10 f5 00 00 00
stack at sp + 6 slots: 0x000000007ffe0385 points into unknown readable memory: 00 00 00
stack at sp + 7 slots: 0x00007fff003e0000 points into unknown readable memory: 0x0000000300905a4d | 4d 5a 90 00 03 00 00 00

VM_Operation (0x000000f50c9cee90): Exit, mode: safepoint, requested by thread 0x000002000f787eb0


---------------  P R O C E S S  ---------------

Threads class SMR info:
_java_thread_list=0x000002004c615fb0, length=13, elements={
0x000002000f780f20, 0x000002000f77fb70, 0x000002000f77f4e0, 0x000002000f77e130,
0x000002000f7822d0, 0x000002000f782960, 0x000002000f7850c0, 0x0000020024d44180,
0x0000020024d44f20, 0x000002000f783d10, 0x000002000f782ff0, 0x000002000f789260,
0x000002000f787eb0
}

Java Threads: ( => current thread )
  0x000002000f780f20 JavaThread "main"                              [_thread_in_native, id=11560, stack(0x000000f50c010000,0x000000f50c200000) (1984K)]
  0x000002000f77fb70 JavaThread "Reference Handler"          daemon [_thread_blocked, id=5048, stack(0x000000f510f90000,0x000000f511180000) (1984K)]
  0x000002000f77f4e0 JavaThread "Finalizer"                  daemon [_thread_blocked, id=20024, stack(0x000000f511180000,0x000000f511370000) (1984K)]
  0x000002000f77e130 JavaThread "Signal Dispatcher"          daemon [_thread_blocked, id=712, stack(0x000000f511370000,0x000000f511560000) (1984K)]
  0x000002000f7822d0 JavaThread "Attach Listener"            daemon [_thread_blocked, id=9008, stack(0x000000f511560000,0x000000f511750000) (1984K)]
  0x000002000f782960 JavaThread "Service Thread"             daemon [_thread_blocked, id=9912, stack(0x000000f511750000,0x000000f511940000) (1984K)]
  0x000002000f7850c0 JavaThread "Monitor Deflation Thread"   daemon [_thread_blocked, id=2396, stack(0x000000f511940000,0x000000f511b30000) (1984K)]
  0x0000020024d44180 JavaThread "C2 CompilerThread0"         daemon [_thread_blocked, id=3776, stack(0x000000f511b30000,0x000000f511d20000) (1984K)]
  0x0000020024d44f20 JavaThread "C1 CompilerThread0"         daemon [_thread_blocked, id=3188, stack(0x000000f511d20000,0x000000f511f10000) (1984K)]
  0x000002000f783d10 JavaThread "Notification Thread"        daemon [_thread_blocked, id=4376, stack(0x000000f511f10000,0x000000f512100000) (1984K)]
  0x000002000f782ff0 JavaThread "Common-Cleaner"             daemon [_thread_blocked, id=6516, stack(0x000000f512100000,0x000000f5122f0000) (1984K)]
  0x000002000f789260 JavaThread "Thread-1"                   daemon [_thread_in_native, id=4512, stack(0x000000f510010000,0x000000f510200000) (1984K)]
  0x000002000f787eb0 JavaThread "SIGINT handler"             daemon [_thread_blocked, id=20452, stack(0x000000f50c7e0000,0x000000f50c9d0000) (1984K)]
Total: 13

Other Threads:
=>0x00000200350f8ab0 VMThread "VM Thread"                           [id=20108, stack(0x000000f510da0000,0x000000f510f90000) (1984K)]
  0x00000200350f7fd0 WorkerThread "GC Thread#0"                     [id=2676, stack(0x000000f510200000,0x000000f5103f0000) (1984K)]
  0x00000200350fab50 WorkerThread "GC Thread#1"                     [id=19996, stack(0x000000f5126d0000,0x000000f5128c0000) (1984K)]
  0x00000200350f9930 WorkerThread "GC Thread#2"                     [id=14204, stack(0x000000f5128c0000,0x000000f512ab0000) (1984K)]
  0x00000200350fa7b0 WorkerThread "GC Thread#3"                     [id=19912, stack(0x000000f512ab0000,0x000000f512ca0000) (1984K)]
  0x00000200350faef0 WorkerThread "GC Thread#4"                     [id=13824, stack(0x000000f512ca0000,0x000000f512e90000) (1984K)]
  0x00000200350fa410 WorkerThread "GC Thread#5"                     [id=384, stack(0x000000f513080000,0x000000f513270000) (1984K)]
  0x00000200350f8e50 WorkerThread "GC Thread#6"                     [id=8536, stack(0x000000f513270000,0x000000f513460000) (1984K)]
  0x00000200350fb630 WorkerThread "GC Thread#7"                     [id=6748, stack(0x000000f513840000,0x000000f513a30000) (1984K)]
  0x00000200350f8710 WorkerThread "GC Thread#8"                     [id=5528, stack(0x000000f513a30000,0x000000f513c20000) (1984K)]
  0x00000200350f7c30 WorkerThread "GC Thread#9"                     [id=13500, stack(0x000000f513c20000,0x000000f513e10000) (1984K)]
  0x00000200155f92d0 ConcurrentGCThread "G1 Main Marker"            terminated
  0x00000200350f9590 WorkerThread "G1 Conc#0"                       [id=16268, stack(0x000000f5105e0000,0x000000f5107d0000) (1984K)]
  0x00000200350fa070 WorkerThread "G1 Conc#1"                       [id=19160, stack(0x000000f513460000,0x000000f513650000) (1984K)]
  0x00000200350fb290 WorkerThread "G1 Conc#2"                       [id=14524, stack(0x000000f513650000,0x000000f513840000) (1984K)]
  0x0000020013a71570 ConcurrentGCThread "G1 Refine#0"               terminated
  0x000001ffd6a2ac00 ConcurrentGCThread "G1 Service"                terminated
Total: 17

Threads with active compile tasks:
Total: 0

VM state: at safepoint (shutting down)

VM Mutex/Monitor currently owned by a thread:  ([mutex/lock_event])
[0x00007ffefd30de98] Threads_lock - owner thread: 0x00000200350f8ab0
[0x00007ffefd30df98] Heap_lock - owner thread: 0x000002000f787eb0

Heap address: 0x0000000080000000, size: 3936 MB, Compressed Oops mode: Zero based, Oop shift amount: 3

CDS archive(s) mapped at: [0x000002006e000000-0x000002006ec90000-0x000002006ec90000), size 13172736, SharedBaseAddress: 0x000002006e000000, ArchiveRelocationMode: 1.
Compressed class space mapped at: 0x000002006f000000-0x00000200af000000, reserved size: 1073741824
Narrow klass base: 0x000002006e000000, Narrow klass shift: 0, Narrow klass range: 0x100000000

GC Precious Log:
 CardTable entry size: 512
 Card Set container configuration: InlinePtr #cards 4 size 8 Array Of Cards #cards 16 size 48 Howl #buckets 8 coarsen threshold 3686 Howl Bitmap #cards 512 size 80 coarsen threshold 460 Card regions per heap region 1 cards per card region 4096
 CPUs: 12 total, 12 available
 Memory: 15741M
 Large Page Support: Disabled
 NUMA Support: Disabled
 Compressed Oops: Enabled (Zero based)
 Heap Region Size: 2M
 Heap Min Capacity: 8M
 Heap Initial Capacity: 246M
 Heap Max Capacity: 3936M
 Pre-touch: Disabled
 Parallel Workers: 10
 Concurrent Workers: 3
 Concurrent Refinement Workers: 10
 Periodic GC: Disabled

Heap:
 garbage-first heap   total 204800K, used 140214K [0x0000000080000000, 0x0000000176000000)
  region size 2048K, 55 young (112640K), 4 survivors (8192K)
 Metaspace       used 9755K, committed 9984K, reserved 1114112K
  class space    used 825K, committed 960K, reserved 1048576K

Heap Regions: E=young(eden), S=young(survivor), O=old, HS=humongous(starts), HC=humongous(continues), CS=collection set, F=free, TAMS=top-at-mark-start, PB=parsable bottom
|   0|0x0000000080000000, 0x00000000801ffff0, 0x0000000080200000| 99%| O|  |TAMS 0x0000000080000000| PB 0x0000000080000000| Untracked 
|   1|0x0000000080200000, 0x00000000803ffff8, 0x0000000080400000| 99%| O|  |TAMS 0x0000000080200000| PB 0x0000000080200000| Untracked 
|   2|0x0000000080400000, 0x00000000805ffff8, 0x0000000080600000| 99%| O|  |TAMS 0x0000000080400000| PB 0x0000000080400000| Untracked 
|   3|0x0000000080600000, 0x0000000080800000, 0x0000000080800000|100%| O|  |TAMS 0x0000000080600000| PB 0x0000000080600000| Untracked 
|   4|0x0000000080800000, 0x00000000809ff658, 0x0000000080a00000| 99%| O|  |TAMS 0x0000000080800000| PB 0x0000000080800000| Untracked 
|   5|0x0000000080a00000, 0x0000000080bfff90, 0x0000000080c00000| 99%| O|  |TAMS 0x0000000080a00000| PB 0x0000000080a00000| Untracked 
|   6|0x0000000080c00000, 0x0000000080dbe0c8, 0x0000000080e00000| 87%| O|  |TAMS 0x0000000080c00000| PB 0x0000000080c00000| Untracked 
|   7|0x0000000080e00000, 0x0000000080ff1708, 0x0000000081000000| 97%| O|  |TAMS 0x0000000080e00000| PB 0x0000000080e00000| Untracked 
|   8|0x0000000081000000, 0x0000000081200000, 0x0000000081200000|100%| O|  |TAMS 0x0000000081000000| PB 0x0000000081000000| Untracked 
|   9|0x0000000081200000, 0x00000000813ffff8, 0x0000000081400000| 99%| O|  |TAMS 0x0000000081200000| PB 0x0000000081200000| Untracked 
|  10|0x0000000081400000, 0x00000000815ffff0, 0x0000000081600000| 99%| O|  |TAMS 0x0000000081400000| PB 0x0000000081400000| Untracked 
|  11|0x0000000081600000, 0x00000000817d0c40, 0x0000000081800000| 90%| O|  |TAMS 0x0000000081600000| PB 0x0000000081600000| Untracked 
|  12|0x0000000081800000, 0x00000000819ff1f0, 0x0000000081a00000| 99%| O|  |TAMS 0x0000000081800000| PB 0x0000000081800000| Untracked 
|  13|0x0000000081a00000, 0x0000000081bffef0, 0x0000000081c00000| 99%| O|  |TAMS 0x0000000081a00000| PB 0x0000000081a00000| Untracked 
|  14|0x0000000081c00000, 0x0000000081e00000, 0x0000000081e00000|100%|HS|  |TAMS 0x0000000081c00000| PB 0x0000000081c00000| Complete 
|  15|0x0000000081e00000, 0x0000000081eee1a8, 0x0000000082000000| 46%| O|  |TAMS 0x0000000081e00000| PB 0x0000000081e00000| Untracked 
|  16|0x0000000082000000, 0x0000000082080da0, 0x0000000082200000| 25%| O|  |TAMS 0x0000000082000000| PB 0x0000000082000000| Untracked 
|  17|0x0000000082200000, 0x0000000082200000, 0x0000000082400000|  0%| F|  |TAMS 0x0000000082200000| PB 0x0000000082200000| Untracked 
|  18|0x0000000082400000, 0x0000000082400000, 0x0000000082600000|  0%| F|  |TAMS 0x0000000082400000| PB 0x0000000082400000| Untracked 
|  19|0x0000000082600000, 0x0000000082600000, 0x0000000082800000|  0%| F|  |TAMS 0x0000000082600000| PB 0x0000000082600000| Untracked 
|  20|0x0000000082800000, 0x0000000082800000, 0x0000000082a00000|  0%| F|  |TAMS 0x0000000082800000| PB 0x0000000082800000| Untracked 
|  21|0x0000000082a00000, 0x0000000082a00000, 0x0000000082c00000|  0%| F|  |TAMS 0x0000000082a00000| PB 0x0000000082a00000| Untracked 
|  22|0x0000000082c00000, 0x0000000082c00000, 0x0000000082e00000|  0%| F|  |TAMS 0x0000000082c00000| PB 0x0000000082c00000| Untracked 
|  23|0x0000000082e00000, 0x0000000082e00000, 0x0000000083000000|  0%| F|  |TAMS 0x0000000082e00000| PB 0x0000000082e00000| Untracked 
|  24|0x0000000083000000, 0x0000000083000000, 0x0000000083200000|  0%| F|  |TAMS 0x0000000083000000| PB 0x0000000083000000| Untracked 
|  25|0x0000000083200000, 0x0000000083200000, 0x0000000083400000|  0%| F|  |TAMS 0x0000000083200000| PB 0x0000000083200000| Untracked 
|  26|0x0000000083400000, 0x0000000083400000, 0x0000000083600000|  0%| F|  |TAMS 0x0000000083400000| PB 0x0000000083400000| Untracked 
|  27|0x0000000083600000, 0x0000000083600000, 0x0000000083800000|  0%| F|  |TAMS 0x0000000083600000| PB 0x0000000083600000| Untracked 
|  28|0x0000000083800000, 0x0000000083800000, 0x0000000083a00000|  0%| F|  |TAMS 0x0000000083800000| PB 0x0000000083800000| Untracked 
|  29|0x0000000083a00000, 0x0000000083a00000, 0x0000000083c00000|  0%| F|  |TAMS 0x0000000083a00000| PB 0x0000000083a00000| Untracked 
|  30|0x0000000083c00000, 0x0000000083c00000, 0x0000000083e00000|  0%| F|  |TAMS 0x0000000083c00000| PB 0x0000000083c00000| Untracked 
|  31|0x0000000083e00000, 0x0000000083e00000, 0x0000000084000000|  0%| F|  |TAMS 0x0000000083e00000| PB 0x0000000083e00000| Untracked 
|  32|0x0000000084000000, 0x0000000084000000, 0x0000000084200000|  0%| F|  |TAMS 0x0000000084000000| PB 0x0000000084000000| Untracked 
|  33|0x0000000084200000, 0x0000000084200000, 0x0000000084400000|  0%| F|  |TAMS 0x0000000084200000| PB 0x0000000084200000| Untracked 
|  34|0x0000000084400000, 0x0000000084400000, 0x0000000084600000|  0%| F|  |TAMS 0x0000000084400000| PB 0x0000000084400000| Untracked 
|  35|0x0000000084600000, 0x0000000084600000, 0x0000000084800000|  0%| F|  |TAMS 0x0000000084600000| PB 0x0000000084600000| Untracked 
|  36|0x0000000084800000, 0x0000000084a00000, 0x0000000084a00000|100%| S|CS|TAMS 0x0000000084800000| PB 0x0000000084800000| Complete 
|  37|0x0000000084a00000, 0x0000000084c00000, 0x0000000084c00000|100%| S|CS|TAMS 0x0000000084a00000| PB 0x0000000084a00000| Complete 
|  38|0x0000000084c00000, 0x0000000084e00000, 0x0000000084e00000|100%| S|CS|TAMS 0x0000000084c00000| PB 0x0000000084c00000| Complete 
|  39|0x0000000084e00000, 0x0000000085000000, 0x0000000085000000|100%| S|CS|TAMS 0x0000000084e00000| PB 0x0000000084e00000| Complete 
|  40|0x0000000085000000, 0x0000000085000000, 0x0000000085200000|  0%| F|  |TAMS 0x0000000085000000| PB 0x0000000085000000| Untracked 
|  41|0x0000000085200000, 0x0000000085200000, 0x0000000085400000|  0%| F|  |TAMS 0x0000000085200000| PB 0x0000000085200000| Untracked 
|  42|0x0000000085400000, 0x0000000085400000, 0x0000000085600000|  0%| F|  |TAMS 0x0000000085400000| PB 0x0000000085400000| Untracked 
|  43|0x0000000085600000, 0x0000000085600000, 0x0000000085800000|  0%| F|  |TAMS 0x0000000085600000| PB 0x0000000085600000| Untracked 
|  44|0x0000000085800000, 0x0000000085800000, 0x0000000085a00000|  0%| F|  |TAMS 0x0000000085800000| PB 0x0000000085800000| Untracked 
|  45|0x0000000085a00000, 0x0000000085a00000, 0x0000000085c00000|  0%| F|  |TAMS 0x0000000085a00000| PB 0x0000000085a00000| Untracked 
|  46|0x0000000085c00000, 0x0000000085c00000, 0x0000000085e00000|  0%| F|  |TAMS 0x0000000085c00000| PB 0x0000000085c00000| Untracked 
|  47|0x0000000085e00000, 0x0000000085e00000, 0x0000000086000000|  0%| F|  |TAMS 0x0000000085e00000| PB 0x0000000085e00000| Untracked 
|  48|0x0000000086000000, 0x0000000086000000, 0x0000000086200000|  0%| F|  |TAMS 0x0000000086000000| PB 0x0000000086000000| Untracked 
|  49|0x0000000086200000, 0x0000000086300a30, 0x0000000086400000| 50%| E|  |TAMS 0x0000000086200000| PB 0x0000000086200000| Complete 
|  50|0x0000000086400000, 0x0000000086600000, 0x0000000086600000|100%| E|CS|TAMS 0x0000000086400000| PB 0x0000000086400000| Complete 
|  51|0x0000000086600000, 0x0000000086800000, 0x0000000086800000|100%| E|  |TAMS 0x0000000086600000| PB 0x0000000086600000| Complete 
|  52|0x0000000086800000, 0x0000000086a00000, 0x0000000086a00000|100%| E|CS|TAMS 0x0000000086800000| PB 0x0000000086800000| Complete 
|  53|0x0000000086a00000, 0x0000000086c00000, 0x0000000086c00000|100%| E|CS|TAMS 0x0000000086a00000| PB 0x0000000086a00000| Complete 
|  54|0x0000000086c00000, 0x0000000086e00000, 0x0000000086e00000|100%| E|CS|TAMS 0x0000000086c00000| PB 0x0000000086c00000| Complete 
|  55|0x0000000086e00000, 0x0000000087000000, 0x0000000087000000|100%| E|CS|TAMS 0x0000000086e00000| PB 0x0000000086e00000| Complete 
|  56|0x0000000087000000, 0x0000000087200000, 0x0000000087200000|100%| E|CS|TAMS 0x0000000087000000| PB 0x0000000087000000| Complete 
|  57|0x0000000087200000, 0x0000000087400000, 0x0000000087400000|100%| E|CS|TAMS 0x0000000087200000| PB 0x0000000087200000| Complete 
|  58|0x0000000087400000, 0x0000000087600000, 0x0000000087600000|100%| E|CS|TAMS 0x0000000087400000| PB 0x0000000087400000| Complete 
|  59|0x0000000087600000, 0x0000000087800000, 0x0000000087800000|100%| E|CS|TAMS 0x0000000087600000| PB 0x0000000087600000| Complete 
|  60|0x0000000087800000, 0x0000000087a00000, 0x0000000087a00000|100%| E|CS|TAMS 0x0000000087800000| PB 0x0000000087800000| Complete 
|  61|0x0000000087a00000, 0x0000000087c00000, 0x0000000087c00000|100%| E|CS|TAMS 0x0000000087a00000| PB 0x0000000087a00000| Complete 
|  62|0x0000000087c00000, 0x0000000087e00000, 0x0000000087e00000|100%| E|CS|TAMS 0x0000000087c00000| PB 0x0000000087c00000| Complete 
|  63|0x0000000087e00000, 0x0000000088000000, 0x0000000088000000|100%| E|CS|TAMS 0x0000000087e00000| PB 0x0000000087e00000| Complete 
|  64|0x0000000088000000, 0x0000000088200000, 0x0000000088200000|100%| E|CS|TAMS 0x0000000088000000| PB 0x0000000088000000| Complete 
|  65|0x0000000088200000, 0x0000000088400000, 0x0000000088400000|100%| E|CS|TAMS 0x0000000088200000| PB 0x0000000088200000| Complete 
|  66|0x0000000088400000, 0x0000000088600000, 0x0000000088600000|100%| E|CS|TAMS 0x0000000088400000| PB 0x0000000088400000| Complete 
|  67|0x0000000088600000, 0x0000000088800000, 0x0000000088800000|100%| E|CS|TAMS 0x0000000088600000| PB 0x0000000088600000| Complete 
|  68|0x0000000088800000, 0x0000000088a00000, 0x0000000088a00000|100%| E|CS|TAMS 0x0000000088800000| PB 0x0000000088800000| Complete 
|  69|0x0000000088a00000, 0x0000000088c00000, 0x0000000088c00000|100%| E|CS|TAMS 0x0000000088a00000| PB 0x0000000088a00000| Complete 
|  70|0x0000000088c00000, 0x0000000088e00000, 0x0000000088e00000|100%| E|CS|TAMS 0x0000000088c00000| PB 0x0000000088c00000| Complete 
|  71|0x0000000088e00000, 0x0000000089000000, 0x0000000089000000|100%| E|CS|TAMS 0x0000000088e00000| PB 0x0000000088e00000| Complete 
|  72|0x0000000089000000, 0x0000000089200000, 0x0000000089200000|100%| E|CS|TAMS 0x0000000089000000| PB 0x0000000089000000| Complete 
|  73|0x0000000089200000, 0x0000000089400000, 0x0000000089400000|100%| E|CS|TAMS 0x0000000089200000| PB 0x0000000089200000| Complete 
|  74|0x0000000089400000, 0x0000000089600000, 0x0000000089600000|100%| E|CS|TAMS 0x0000000089400000| PB 0x0000000089400000| Complete 
|  75|0x0000000089600000, 0x0000000089800000, 0x0000000089800000|100%| E|CS|TAMS 0x0000000089600000| PB 0x0000000089600000| Complete 
|  76|0x0000000089800000, 0x0000000089a00000, 0x0000000089a00000|100%| E|CS|TAMS 0x0000000089800000| PB 0x0000000089800000| Complete 
|  77|0x0000000089a00000, 0x0000000089c00000, 0x0000000089c00000|100%| E|CS|TAMS 0x0000000089a00000| PB 0x0000000089a00000| Complete 
|  78|0x0000000089c00000, 0x0000000089e00000, 0x0000000089e00000|100%| E|CS|TAMS 0x0000000089c00000| PB 0x0000000089c00000| Complete 
|  79|0x0000000089e00000, 0x000000008a000000, 0x000000008a000000|100%| E|CS|TAMS 0x0000000089e00000| PB 0x0000000089e00000| Complete 
|  80|0x000000008a000000, 0x000000008a200000, 0x000000008a200000|100%| E|CS|TAMS 0x000000008a000000| PB 0x000000008a000000| Complete 
|  81|0x000000008a200000, 0x000000008a400000, 0x000000008a400000|100%| E|CS|TAMS 0x000000008a200000| PB 0x000000008a200000| Complete 
|  82|0x000000008a400000, 0x000000008a600000, 0x000000008a600000|100%| E|CS|TAMS 0x000000008a400000| PB 0x000000008a400000| Complete 
|  83|0x000000008a600000, 0x000000008a800000, 0x000000008a800000|100%| E|CS|TAMS 0x000000008a600000| PB 0x000000008a600000| Complete 
|  84|0x000000008a800000, 0x000000008aa00000, 0x000000008aa00000|100%| E|CS|TAMS 0x000000008a800000| PB 0x000000008a800000| Complete 
|  85|0x000000008aa00000, 0x000000008ac00000, 0x000000008ac00000|100%| E|CS|TAMS 0x000000008aa00000| PB 0x000000008aa00000| Complete 
|  86|0x000000008ac00000, 0x000000008ae00000, 0x000000008ae00000|100%| E|CS|TAMS 0x000000008ac00000| PB 0x000000008ac00000| Complete 
|  87|0x000000008ae00000, 0x000000008b000000, 0x000000008b000000|100%| E|CS|TAMS 0x000000008ae00000| PB 0x000000008ae00000| Complete 
|  88|0x000000008b000000, 0x000000008b200000, 0x000000008b200000|100%| E|CS|TAMS 0x000000008b000000| PB 0x000000008b000000| Complete 
|  89|0x000000008b200000, 0x000000008b400000, 0x000000008b400000|100%| E|CS|TAMS 0x000000008b200000| PB 0x000000008b200000| Complete 
|  90|0x000000008b400000, 0x000000008b600000, 0x000000008b600000|100%| E|CS|TAMS 0x000000008b400000| PB 0x000000008b400000| Complete 
|  91|0x000000008b600000, 0x000000008b800000, 0x000000008b800000|100%| E|CS|TAMS 0x000000008b600000| PB 0x000000008b600000| Complete 
|  92|0x000000008b800000, 0x000000008ba00000, 0x000000008ba00000|100%| E|CS|TAMS 0x000000008b800000| PB 0x000000008b800000| Complete 
|  93|0x000000008ba00000, 0x000000008bc00000, 0x000000008bc00000|100%| E|CS|TAMS 0x000000008ba00000| PB 0x000000008ba00000| Complete 
|  94|0x000000008bc00000, 0x000000008be00000, 0x000000008be00000|100%| E|CS|TAMS 0x000000008bc00000| PB 0x000000008bc00000| Complete 
|  95|0x000000008be00000, 0x000000008c000000, 0x000000008c000000|100%| E|CS|TAMS 0x000000008be00000| PB 0x000000008be00000| Complete 
|  96|0x000000008c000000, 0x000000008c200000, 0x000000008c200000|100%| E|CS|TAMS 0x000000008c000000| PB 0x000000008c000000| Complete 
|  97|0x000000008c200000, 0x000000008c400000, 0x000000008c400000|100%| E|CS|TAMS 0x000000008c200000| PB 0x000000008c200000| Complete 
|  98|0x000000008c400000, 0x000000008c600000, 0x000000008c600000|100%| E|CS|TAMS 0x000000008c400000| PB 0x000000008c400000| Complete 
|  99|0x000000008c600000, 0x000000008c800000, 0x000000008c800000|100%| E|CS|TAMS 0x000000008c600000| PB 0x000000008c600000| Complete 

Card table byte_map: [0x0000020043d40000,0x00000200444f0000] _byte_map_base: 0x0000020043940000

Marking Bits: (CMBitMap*) 0x000002000f7815c0
 Bits: [0x00000200444f0000, 0x0000020048270000)

Polling page: 0x000002000be20000

Metaspace:

Usage:
  Non-class:      8.72 MB used.
      Class:    825.07 KB used.
       Both:      9.53 MB used.

Virtual space:
  Non-class space:       64.00 MB reserved,       8.81 MB ( 14%) committed,  1 nodes.
      Class space:        1.00 GB reserved,     960.00 KB ( <1%) committed,  1 nodes.
             Both:        1.06 GB reserved,       9.75 MB ( <1%) committed. 

Chunk freelists:
   Non-Class:  7.12 MB
       Class:  14.98 MB
        Both:  22.11 MB

MaxMetaspaceSize: unlimited
CompressedClassSpaceSize: 1.00 GB
Initial GC threshold: 21.00 MB
Current GC threshold: 21.00 MB
CDS: on
 - commit_granule_bytes: 65536.
 - commit_granule_words: 8192.
 - virtual_space_node_default_size: 8388608.
 - enlarge_chunks_in_place: 1.
 - use_allocation_guard: 0.


Internal statistics:

num_allocs_failed_limit: 0.
num_arena_births: 108.
num_arena_deaths: 0.
num_vsnodes_births: 2.
num_vsnodes_deaths: 0.
num_space_committed: 156.
num_space_uncommitted: 0.
num_chunks_returned_to_freelist: 0.
num_chunks_taken_from_freelist: 297.
num_chunk_merges: 0.
num_chunk_splits: 216.
num_chunks_enlarged: 159.
num_inconsistent_stats: 0.

CodeHeap 'non-profiled nmethods': size=120000Kb used=3749Kb max_used=3749Kb free=116250Kb
 bounds [0x0000020066960000, 0x0000020066d10000, 0x000002006de90000]
CodeHeap 'profiled nmethods': size=120000Kb used=7355Kb max_used=7355Kb free=112644Kb
 bounds [0x000002005ee90000, 0x000002005f5c0000, 0x00000200663c0000]
CodeHeap 'non-nmethods': size=5760Kb used=1466Kb max_used=1557Kb free=4293Kb
 bounds [0x00000200663c0000, 0x0000020066630000, 0x0000020066960000]
 total_blobs=4509 nmethods=3956 adapters=457
 compilation: enabled
              stopped_count=0, restarted_count=0
 full_count=0

Compilation events (20 events):
Event: 358.995 Thread 0x00000200b3fc7a70 4915       4       com.google.gson.JsonObject::entrySet (8 bytes)
Event: 358.997 Thread 0x00000200b3fc7a70 nmethod 4915 0x0000020066cf6310 code [0x0000020066cf64a0, 0x0000020066cf66b0]
Event: 358.997 Thread 0x00000200b3fc7a70 4426       4       org.apache.pdfbox.contentstream.PDFStreamEngine::addOperator (21 bytes)
Event: 358.998 Thread 0x00000200b3fc7a70 nmethod 4426 0x0000020066cf6810 code [0x0000020066cf69a0, 0x0000020066cf6ab0]
Event: 358.998 Thread 0x00000200b3fc7a70 4794       4       technology.tabula.RectangleSpatialIndex::getBounds (8 bytes)
Event: 358.998 Thread 0x00000200b3fc7a70 nmethod 4794 0x0000020066cf6c10 code [0x0000020066cf6da0, 0x0000020066cf6e60]
Event: 358.998 Thread 0x00000200b3fc7a70 4877       4       com.google.gson.JsonPrimitive::getAsNumber (35 bytes)
Event: 358.999 Thread 0x00000200b3fc7a70 nmethod 4877 0x0000020066cf6f10 code [0x0000020066cf70a0, 0x0000020066cf71a0]
Event: 359.000 Thread 0x00000200b3fc7a70 4524       4       java.util.Vector::elements (9 bytes)
Event: 359.000 Thread 0x00000200b3fc7a70 nmethod 4524 0x0000020066cf7290 code [0x0000020066cf7420, 0x0000020066cf7518]
Event: 359.000 Thread 0x00000200b3fc7a70 4525       4       java.util.Vector$1::<init> (15 bytes)
Event: 359.001 Thread 0x00000200b3fc7a70 nmethod 4525 0x0000020066cf7610 code [0x0000020066cf77a0, 0x0000020066cf7908]
Event: 359.003 Thread 0x000002004d955a60 nmethod 4170 0x0000020066cf7990 code [0x0000020066cf7c60, 0x0000020066cf8b90]
Event: 359.201 Thread 0x0000020024d44180 nmethod 4878 0x0000020066cf9b10 code [0x0000020066cfa6c0, 0x0000020066d04020]
Event: 397.892 Thread 0x0000020024d44180 4942       4       java.util.concurrent.locks.AbstractQueuedSynchronizer$Node::setStatusRelaxed (12 bytes)
Event: 397.892 Thread 0x0000020024d44180 nmethod 4942 0x0000020066d08d10 code [0x0000020066d08ea0, 0x0000020066d08f30]
Event: 518.252 Thread 0x0000020024d44180 4943       4       java.lang.ref.ReferenceQueue::poll0 (65 bytes)
Event: 518.254 Thread 0x0000020024d44180 nmethod 4943 0x0000020066d09010 code [0x0000020066d091a0, 0x0000020066d09520]
Event: 558.234 Thread 0x0000020024d44f20 4944       3       org.jpype.manager.TypeManager$Destroyer::add (101 bytes)
Event: 558.234 Thread 0x0000020024d44f20 nmethod 4944 0x000002005f5bf210 code [0x000002005f5bf420, 0x000002005f5bf8d0]

GC Heap History (20 events):
Event: 357.027 GC heap before
{Heap before GC invocations=25 (full 5):
 garbage-first heap   total 141312K, used 112394K [0x0000000080000000, 0x0000000176000000)
  region size 2048K, 41 young (83968K), 3 survivors (6144K)
 Metaspace       used 9625K, committed 9856K, reserved 1114112K
  class space    used 822K, committed 960K, reserved 1048576K
}
Event: 357.030 GC heap after
{Heap after GC invocations=26 (full 5):
 garbage-first heap   total 141312K, used 34469K [0x0000000080000000, 0x0000000176000000)
  region size 2048K, 3 young (6144K), 3 survivors (6144K)
 Metaspace       used 9625K, committed 9856K, reserved 1114112K
  class space    used 822K, committed 960K, reserved 1048576K
}
Event: 357.201 GC heap before
{Heap before GC invocations=26 (full 5):
 garbage-first heap   total 141312K, used 112293K [0x0000000080000000, 0x0000000176000000)
  region size 2048K, 41 young (83968K), 3 survivors (6144K)
 Metaspace       used 9634K, committed 9856K, reserved 1114112K
  class space    used 822K, committed 960K, reserved 1048576K
}
Event: 357.204 GC heap after
{Heap after GC invocations=27 (full 5):
 garbage-first heap   total 141312K, used 34262K [0x0000000080000000, 0x0000000176000000)
  region size 2048K, 3 young (6144K), 3 survivors (6144K)
 Metaspace       used 9634K, committed 9856K, reserved 1114112K
  class space    used 822K, committed 960K, reserved 1048576K
}
Event: 357.406 GC heap before
{Heap before GC invocations=27 (full 5):
 garbage-first heap   total 141312K, used 112086K [0x0000000080000000, 0x0000000176000000)
  region size 2048K, 41 young (83968K), 3 survivors (6144K)
 Metaspace       used 9656K, committed 9920K, reserved 1114112K
  class space    used 822K, committed 960K, reserved 1048576K
}
Event: 357.408 GC heap after
{Heap after GC invocations=28 (full 5):
 garbage-first heap   total 141312K, used 33979K [0x0000000080000000, 0x0000000176000000)
  region size 2048K, 3 young (6144K), 3 survivors (6144K)
 Metaspace       used 9656K, committed 9920K, reserved 1114112K
  class space    used 822K, committed 960K, reserved 1048576K
}
Event: 357.565 GC heap before
{Heap before GC invocations=28 (full 5):
 garbage-first heap   total 141312K, used 111803K [0x0000000080000000, 0x0000000176000000)
  region size 2048K, 41 young (83968K), 3 survivors (6144K)
 Metaspace       used 9657K, committed 9920K, reserved 1114112K
  class space    used 822K, committed 960K, reserved 1048576K
}
Event: 357.567 GC heap after
{Heap after GC invocations=29 (full 5):
 garbage-first heap   total 169984K, used 33257K [0x0000000080000000, 0x0000000176000000)
  region size 2048K, 2 young (4096K), 2 survivors (4096K)
 Metaspace       used 9657K, committed 9920K, reserved 1114112K
  class space    used 822K, committed 960K, reserved 1048576K
}
Event: 357.750 GC heap before
{Heap before GC invocations=29 (full 5):
 garbage-first heap   total 169984K, used 129513K [0x0000000080000000, 0x0000000176000000)
  region size 2048K, 49 young (100352K), 2 survivors (4096K)
 Metaspace       used 9661K, committed 9920K, reserved 1114112K
  class space    used 822K, committed 960K, reserved 1048576K
}
Event: 357.752 GC heap after
{Heap after GC invocations=30 (full 5):
 garbage-first heap   total 169984K, used 33317K [0x0000000080000000, 0x0000000176000000)
  region size 2048K, 2 young (4096K), 2 survivors (4096K)
 Metaspace       used 9661K, committed 9920K, reserved 1114112K
  class space    used 822K, committed 960K, reserved 1048576K
}
Event: 357.922 GC heap before
{Heap before GC invocations=30 (full 5):
 garbage-first heap   total 169984K, used 129573K [0x0000000080000000, 0x0000000176000000)
  region size 2048K, 49 young (100352K), 2 survivors (4096K)
 Metaspace       used 9683K, committed 9920K, reserved 1114112K
  class space    used 822K, committed 960K, reserved 1048576K
}
Event: 357.926 GC heap after
{Heap after GC invocations=31 (full 5):
 garbage-first heap   total 169984K, used 35766K [0x0000000080000000, 0x0000000176000000)
  region size 2048K, 3 young (6144K), 3 survivors (6144K)
 Metaspace       used 9683K, committed 9920K, reserved 1114112K
  class space    used 822K, committed 960K, reserved 1048576K
}
Event: 358.105 GC heap before
{Heap before GC invocations=31 (full 5):
 garbage-first heap   total 169984K, used 129974K [0x0000000080000000, 0x0000000176000000)
  region size 2048K, 49 young (100352K), 3 survivors (6144K)
 Metaspace       used 9691K, committed 9984K, reserved 1114112K
  class space    used 822K, committed 960K, reserved 1048576K
}
Event: 358.108 GC heap after
{Heap after GC invocations=32 (full 5):
 garbage-first heap   total 169984K, used 34514K [0x0000000080000000, 0x0000000176000000)
  region size 2048K, 3 young (6144K), 3 survivors (6144K)
 Metaspace       used 9691K, committed 9984K, reserved 1114112K
  class space    used 822K, committed 960K, reserved 1048576K
}
Event: 358.278 GC heap before
{Heap before GC invocations=32 (full 5):
 garbage-first heap   total 169984K, used 128722K [0x0000000080000000, 0x0000000176000000)
  region size 2048K, 49 young (100352K), 3 survivors (6144K)
 Metaspace       used 9691K, committed 9984K, reserved 1114112K
  class space    used 822K, committed 960K, reserved 1048576K
}
Event: 358.281 GC heap after
{Heap after GC invocations=33 (full 5):
 garbage-first heap   total 204800K, used 35766K [0x0000000080000000, 0x0000000176000000)
  region size 2048K, 3 young (6144K), 3 survivors (6144K)
 Metaspace       used 9691K, committed 9984K, reserved 1114112K
  class space    used 822K, committed 960K, reserved 1048576K
}
Event: 358.486 GC heap before
{Heap before GC invocations=33 (full 5):
 garbage-first heap   total 204800K, used 152502K [0x0000000080000000, 0x0000000176000000)
  region size 2048K, 60 young (122880K), 3 survivors (6144K)
 Metaspace       used 9715K, committed 9984K, reserved 1114112K
  class space    used 822K, committed 960K, reserved 1048576K
}
Event: 358.489 GC heap after
{Heap after GC invocations=34 (full 5):
 garbage-first heap   total 204800K, used 35752K [0x0000000080000000, 0x0000000176000000)
  region size 2048K, 3 young (6144K), 3 survivors (6144K)
 Metaspace       used 9715K, committed 9984K, reserved 1114112K
  class space    used 822K, committed 960K, reserved 1048576K
}
Event: 358.691 GC heap before
{Heap before GC invocations=34 (full 5):
 garbage-first heap   total 204800K, used 152488K [0x0000000080000000, 0x0000000176000000)
  region size 2048K, 60 young (122880K), 3 survivors (6144K)
 Metaspace       used 9723K, committed 9984K, reserved 1114112K
  class space    used 822K, committed 960K, reserved 1048576K
}
Event: 358.696 GC heap after
{Heap after GC invocations=35 (full 5):
 garbage-first heap   total 204800K, used 37814K [0x0000000080000000, 0x0000000176000000)
  region size 2048K, 4 young (8192K), 4 survivors (8192K)
 Metaspace       used 9723K, committed 9984K, reserved 1114112K
  class space    used 822K, committed 960K, reserved 1048576K
}

Dll operation events (9 events):
Event: 0.013 Loaded shared library C:\Program Files\Java\jdk-21\bin\java.dll
Event: 0.042 Loaded shared library C:\Program Files\Java\jdk-21\bin\jsvml.dll
Event: 0.060 Loaded shared library C:\Program Files\Java\jdk-21\bin\net.dll
Event: 0.062 Loaded shared library C:\Program Files\Java\jdk-21\bin\nio.dll
Event: 0.075 Loaded shared library C:\Program Files\Java\jdk-21\bin\zip.dll
Event: 0.112 Loaded shared library D:\Edu\4.2.1\personal_project\Chatbot-RAG\myenv\Lib\site-packages\_jpype.cp39-win_amd64.pyd
Event: 0.145 Loaded shared library C:\Program Files\Java\jdk-21\bin\jimage.dll
Event: 1.273 Loaded shared library C:\Program Files\Java\jdk-21\bin\verify.dll
Event: 1.342 Loaded shared library C:\Program Files\Java\jdk-21\bin\awt.dll

Deoptimization events (20 events):
Event: 358.839 Thread 0x000002000f780f20 Uncommon trap: trap_request=0xffffffbe fr.pc=0x0000020066b05c60 relative=0x00000000000077c0
Event: 358.839 Thread 0x000002000f780f20 Uncommon trap: reason=profile_predicate action=maybe_recompile pc=0x0000020066b05c60 method=com.google.gson.internal.bind.TypeAdapters$29.write(Lcom/google/gson/stream/JsonWriter;Lcom/google/gson/JsonElement;)V @ 170 c2
Event: 358.839 Thread 0x000002000f780f20 DEOPT PACKING pc=0x0000020066b05c60 sp=0x000000f50c1f6a90
Event: 358.839 Thread 0x000002000f780f20 DEOPT UNPACKING pc=0x00000200664146a2 sp=0x000000f50c1f6aa8 mode 2
Event: 358.839 Thread 0x000002000f780f20 Uncommon trap: trap_request=0xffffffbe fr.pc=0x0000020066b05c60 relative=0x00000000000077c0
Event: 358.839 Thread 0x000002000f780f20 Uncommon trap: reason=profile_predicate action=maybe_recompile pc=0x0000020066b05c60 method=com.google.gson.internal.bind.TypeAdapters$29.write(Lcom/google/gson/stream/JsonWriter;Lcom/google/gson/JsonElement;)V @ 170 c2
Event: 358.839 Thread 0x000002000f780f20 DEOPT PACKING pc=0x0000020066b05c60 sp=0x000000f50c1f6a90
Event: 358.839 Thread 0x000002000f780f20 DEOPT UNPACKING pc=0x00000200664146a2 sp=0x000000f50c1f6aa8 mode 2
Event: 358.840 Thread 0x000002000f780f20 Uncommon trap: trap_request=0xffffffbe fr.pc=0x0000020066b05c60 relative=0x00000000000077c0
Event: 358.840 Thread 0x000002000f780f20 Uncommon trap: reason=profile_predicate action=maybe_recompile pc=0x0000020066b05c60 method=com.google.gson.internal.bind.TypeAdapters$29.write(Lcom/google/gson/stream/JsonWriter;Lcom/google/gson/JsonElement;)V @ 170 c2
Event: 358.840 Thread 0x000002000f780f20 DEOPT PACKING pc=0x0000020066b05c60 sp=0x000000f50c1f6a90
Event: 358.840 Thread 0x000002000f780f20 DEOPT UNPACKING pc=0x00000200664146a2 sp=0x000000f50c1f6aa8 mode 2
Event: 358.840 Thread 0x000002000f780f20 Uncommon trap: trap_request=0xffffffbe fr.pc=0x0000020066b05c60 relative=0x00000000000077c0
Event: 358.840 Thread 0x000002000f780f20 Uncommon trap: reason=profile_predicate action=maybe_recompile pc=0x0000020066b05c60 method=com.google.gson.internal.bind.TypeAdapters$29.write(Lcom/google/gson/stream/JsonWriter;Lcom/google/gson/JsonElement;)V @ 170 c2
Event: 358.840 Thread 0x000002000f780f20 DEOPT PACKING pc=0x0000020066b05c60 sp=0x000000f50c1f6a90
Event: 358.840 Thread 0x000002000f780f20 DEOPT UNPACKING pc=0x00000200664146a2 sp=0x000000f50c1f6aa8 mode 2
Event: 358.884 Thread 0x000002000f780f20 Uncommon trap: trap_request=0xffffff45 fr.pc=0x0000020066aecb3c relative=0x00000000000007fc
Event: 358.884 Thread 0x000002000f780f20 Uncommon trap: reason=unstable_if action=reinterpret pc=0x0000020066aecb3c method=com.google.gson.stream.JsonWriter.beforeValue()V @ 4 c2
Event: 358.884 Thread 0x000002000f780f20 DEOPT PACKING pc=0x0000020066aecb3c sp=0x000000f50c1f6dc0
Event: 358.884 Thread 0x000002000f780f20 DEOPT UNPACKING pc=0x00000200664146a2 sp=0x000000f50c1f6db8 mode 2

Classes loaded (20 events):
Event: 355.545 Loading class jdk/internal/logger/SurrogateLogger
Event: 355.547 Loading class jdk/internal/logger/SimpleConsoleLogger
Event: 355.548 Loading class sun/util/logging/PlatformLogger$ConfigurableBridge$LoggerConfiguration
Event: 355.549 Loading class sun/util/logging/PlatformLogger$ConfigurableBridge$LoggerConfiguration done
Event: 355.549 Loading class jdk/internal/logger/SimpleConsoleLogger done
Event: 355.549 Loading class jdk/internal/logger/SurrogateLogger done
Event: 355.549 Loading class sun/util/logging/PlatformLogger
Event: 355.550 Loading class sun/util/logging/PlatformLogger done
Event: 355.550 Loading class sun/util/logging/PlatformLogger$Level
Event: 355.550 Loading class sun/util/logging/PlatformLogger$Level done
Event: 355.960 Loading class java/io/FileOutputStream$1
Event: 355.961 Loading class java/io/FileOutputStream$1 done
Event: 558.192 Loading class jdk/internal/misc/Signal$1
Event: 558.207 Loading class jdk/internal/misc/Signal$1 done
Event: 558.210 Loading class jdk/internal/event/ThreadSleepEvent
Event: 558.210 Loading class jdk/internal/event/ThreadSleepEvent done
Event: 558.234 Loading class java/util/WeakHashMap$KeyIterator
Event: 558.236 Loading class java/util/WeakHashMap$HashIterator
Event: 558.237 Loading class java/util/WeakHashMap$HashIterator done
Event: 558.237 Loading class java/util/WeakHashMap$KeyIterator done

Classes unloaded (0 events):
No events

Classes redefined (0 events):
No events

Internal exceptions (20 events):
Event: 0.156 Thread 0x000002000f780f20 Exception <a 'java/lang/IncompatibleClassChangeError'{0x000000008f0b10d0}: Found class java.lang.Object, but interface was expected> (0x000000008f0b10d0) 
thrown [s\open\src\hotspot\share\interpreter\linkResolver.cpp, line 840]
Event: 0.395 Thread 0x000002000f780f20 Exception <a 'java/lang/NoSuchMethodError'{0x000000008125f0e0}: method resolution failed> (0x000000008125f0e0) 
thrown [s\open\src\hotspot\share\prims\methodHandles.cpp, line 1144]
Event: 0.397 Thread 0x000002000f780f20 Exception <a 'java/lang/NoSuchMethodError'{0x0000000081268888}: 'java.lang.Object java.lang.invoke.Invokers$Holder.invokeExact_MT(java.lang.Object, java.lang.Object, java.lang.Object, java.lang.Object, java.lang.Object)'> (0x0000000081268888) 
thrown [s\open\src\hotspot\share\interpreter\linkResolver.cpp, line 773]
Event: 1.318 Thread 0x000002000f780f20 Exception <a 'java/lang/NoSuchMethodError'{0x0000000081504760}: 'int java.lang.invoke.DirectMethodHandle$Holder.invokeStaticInit(java.lang.Object, java.lang.Object, java.lang.Object)'> (0x0000000081504760) 
thrown [s\open\src\hotspot\share\interpreter\linkResolver.cpp, line 773]
Event: 1.345 Thread 0x000002000f780f20 Exception <a 'java/lang/ClassNotFoundException'{0x00000000815977b8}: sun/awt/resources/spi/awtProvider> (0x00000000815977b8) 
thrown [s\open\src\hotspot\share\classfile\systemDictionary.cpp, line 312]
Event: 1.352 Thread 0x000002000f780f20 Exception <a 'java/io/FileNotFoundException'{0x00000000815afd90}> (0x00000000815afd90) 
thrown [s\open\src\hotspot\share\prims\jni.cpp, line 520]
Event: 1.357 Thread 0x000002000f780f20 Exception <a 'java/io/FileNotFoundException'{0x00000000815d9de0}> (0x00000000815d9de0) 
thrown [s\open\src\hotspot\share\prims\jni.cpp, line 520]
Event: 1.547 Thread 0x000002000f780f20 Implicit null exception at 0x00000200669f25c4 to 0x00000200669f2ef8
Event: 2.244 Thread 0x000002000f780f20 Implicit null exception at 0x0000020066a7f766 to 0x0000020066a7fce4
Event: 2.331 Thread 0x000002000f780f20 Exception <a 'java/lang/ArrayIndexOutOfBoundsException'{0x0000000086799558}> (0x0000000086799558) 
thrown [s\open\src\hotspot\share\runtime\sharedRuntime.cpp, line 625]
Event: 2.406 Thread 0x000002000f780f20 Exception <a 'java/lang/ArrayIndexOutOfBoundsException'{0x0000000085ab1f28}> (0x0000000085ab1f28) 
thrown [s\open\src\hotspot\share\runtime\sharedRuntime.cpp, line 625]
Event: 2.486 Thread 0x000002000f780f20 Exception <a 'java/lang/ArrayIndexOutOfBoundsException'{0x0000000084a2c080}> (0x0000000084a2c080) 
thrown [s\open\src\hotspot\share\runtime\sharedRuntime.cpp, line 625]
Event: 2.551 Thread 0x000002000f780f20 Exception <a 'java/lang/ArrayIndexOutOfBoundsException'{0x000000008844c480}> (0x000000008844c480) 
thrown [s\open\src\hotspot\share\runtime\sharedRuntime.cpp, line 625]
Event: 2.623 Thread 0x000002000f780f20 Exception <a 'java/lang/ArrayIndexOutOfBoundsException'{0x0000000083eaa520}> (0x0000000083eaa520) 
thrown [s\open\src\hotspot\share\runtime\sharedRuntime.cpp, line 625]
Event: 2.679 Thread 0x000002000f780f20 Exception <a 'java/lang/ArrayIndexOutOfBoundsException'{0x0000000082eeec58}> (0x0000000082eeec58) 
thrown [s\open\src\hotspot\share\runtime\sharedRuntime.cpp, line 625]
Event: 2.726 Thread 0x000002000f780f20 Exception <a 'java/lang/ArrayIndexOutOfBoundsException'{0x00000000821ceab0}> (0x00000000821ceab0) 
thrown [s\open\src\hotspot\share\runtime\sharedRuntime.cpp, line 625]
Event: 355.509 Thread 0x000002000f780f20 Exception <a 'java/lang/NoSuchMethodError'{0x000000008237f728}: 'void java.lang.invoke.DirectMethodHandle$Holder.invokeStatic(java.lang.Object, long)'> (0x000000008237f728) 
thrown [s\open\src\hotspot\share\interpreter\linkResolver.cpp, line 773]
Event: 355.510 Thread 0x000002000f780f20 Exception <a 'java/lang/NoSuchMethodError'{0x00000000823845c8}: 'java.lang.Object java.lang.invoke.DirectMethodHandle$Holder.newInvokeSpecial(java.lang.Object, long)'> (0x00000000823845c8) 
thrown [s\open\src\hotspot\share\interpreter\linkResolver.cpp, line 773]
Event: 355.515 Thread 0x000002000f780f20 Exception <a 'java/lang/NoSuchMethodError'{0x000000008238bb18}: 'java.lang.Object java.lang.invoke.DirectMethodHandle$Holder.invokeStatic(java.lang.Object, long, java.lang.Object)'> (0x000000008238bb18) 
thrown [s\open\src\hotspot\share\interpreter\linkResolver.cpp, line 773]
Event: 355.516 Thread 0x000002000f780f20 Exception <a 'java/lang/NoSuchMethodError'{0x000000008238f2b0}: 'java.lang.Object java.lang.invoke.DirectMethodHandle$Holder.invokeStaticInit(java.lang.Object, long, java.lang.Object)'> (0x000000008238f2b0) 
thrown [s\open\src\hotspot\share\interpreter\linkResolver.cpp, line 773]

ZGC Phase Switch (0 events):
No events

VM Operations (20 events):
Event: 357.752 Executing VM operation: G1CollectForAllocation (G1 Evacuation Pause) done
Event: 357.922 Executing VM operation: G1CollectForAllocation (G1 Evacuation Pause)
Event: 357.926 Executing VM operation: G1CollectForAllocation (G1 Evacuation Pause) done
Event: 358.105 Executing VM operation: G1CollectForAllocation (G1 Evacuation Pause)
Event: 358.108 Executing VM operation: G1CollectForAllocation (G1 Evacuation Pause) done
Event: 358.277 Executing VM operation: G1CollectForAllocation (G1 Evacuation Pause)
Event: 358.281 Executing VM operation: G1CollectForAllocation (G1 Evacuation Pause) done
Event: 358.486 Executing VM operation: G1CollectForAllocation (G1 Evacuation Pause)
Event: 358.489 Executing VM operation: G1CollectForAllocation (G1 Evacuation Pause) done
Event: 358.691 Executing VM operation: G1CollectForAllocation (G1 Evacuation Pause)
Event: 358.696 Executing VM operation: G1CollectForAllocation (G1 Evacuation Pause) done
Event: 359.703 Executing VM operation: Cleanup
Event: 359.703 Executing VM operation: Cleanup done
Event: 360.763 Executing VM operation: HandshakeAllThreads (HandshakeForDeflation)
Event: 360.763 Executing VM operation: HandshakeAllThreads (HandshakeForDeflation) done
Event: 360.763 Executing VM operation: RendezvousGCThreads
Event: 360.763 Executing VM operation: RendezvousGCThreads done
Event: 558.233 Executing VM operation: ThreadDump
Event: 558.233 Executing VM operation: ThreadDump done
Event: 558.237 Executing VM operation: Exit

Events (20 events):
Event: 356.250 Thread 0x00000200350f8ab0 flushing nmethod 0x000002005f369910
Event: 356.250 Thread 0x00000200350f8ab0 flushing nmethod 0x000002005f3a2c10
Event: 356.250 Thread 0x00000200350f8ab0 flushing nmethod 0x000002005f3a6c90
Event: 356.250 Thread 0x00000200350f8ab0 flushing nmethod 0x000002005f424310
Event: 356.250 Thread 0x00000200350f8ab0 flushing nmethod 0x000002005f425290
Event: 356.250 Thread 0x00000200350f8ab0 flushing nmethod 0x000002005f425610
Event: 356.250 Thread 0x00000200350f8ab0 flushing nmethod 0x000002005f425990
Event: 356.250 Thread 0x00000200350f8ab0 flushing nmethod 0x000002005f428c90
Event: 356.250 Thread 0x00000200350f8ab0 flushing nmethod 0x000002005f457a10
Event: 356.250 Thread 0x00000200350f8ab0 flushing nmethod 0x000002005f458990
Event: 356.250 Thread 0x00000200350f8ab0 flushing nmethod 0x000002005f459710
Event: 356.250 Thread 0x00000200350f8ab0 flushing nmethod 0x000002005f459b90
Event: 356.250 Thread 0x00000200350f8ab0 flushing nmethod 0x000002005f45e410
Event: 356.250 Thread 0x00000200350f8ab0 flushing nmethod 0x000002005f45e990
Event: 364.011 Thread 0x000002004d955a60 Thread exited: 0x000002004d955a60
Event: 369.013 Thread 0x00000200b3fc7a70 Thread exited: 0x00000200b3fc7a70
Event: 558.207 Thread 0x000002000f787eb0 Thread added: 0x000002000f787eb0
Event: 558.209 Thread 0x000002000f786470 Thread added: 0x000002000f786470
Event: 558.234 Thread 0x000002000f781c40 Thread exited: 0x000002000f781c40
Event: 558.237 Thread 0x000002000f786470 Thread exited: 0x000002000f786470


Dynamic libraries:
0x00007ff640820000 - 0x00007ff64083c000 	C:\Users\anhng\anaconda3\envs\tf\python.exe
0x00007ff8b1ea0000 - 0x00007ff8b2106000 	C:\Windows\SYSTEM32\ntdll.dll
0x00007ff8afdf0000 - 0x00007ff8afeb9000 	C:\Windows\System32\KERNEL32.DLL
0x00007ff8af300000 - 0x00007ff8af6cc000 	C:\Windows\System32\KERNELBASE.dll
0x00007ff8af1b0000 - 0x00007ff8af2fb000 	C:\Windows\System32\ucrtbase.dll
0x00007ff8abf40000 - 0x00007ff8abf5e000 	C:\Users\anhng\anaconda3\envs\tf\VCRUNTIME140.dll
0x00007ff84f240000 - 0x00007ff84f6be000 	C:\Users\anhng\anaconda3\envs\tf\python39.dll
0x00007ff8b0130000 - 0x00007ff8b01a4000 	C:\Windows\System32\WS2_32.dll
0x00007ff8afcd0000 - 0x00007ff8afde6000 	C:\Windows\System32\RPCRT4.dll
0x00007ff8a6310000 - 0x00007ff8a631b000 	C:\Windows\SYSTEM32\VERSION.dll
0x00007ff8b1580000 - 0x00007ff8b1632000 	C:\Windows\System32\ADVAPI32.dll
0x00007ff8b17e0000 - 0x00007ff8b1889000 	C:\Windows\System32\msvcrt.dll
0x00007ff8b1720000 - 0x00007ff8b17c6000 	C:\Windows\System32\sechost.dll
0x00007ff8ae6c0000 - 0x00007ff8ae6dc000 	C:\Windows\SYSTEM32\CRYPTSP.dll
0x00007ff8add10000 - 0x00007ff8add4a000 	C:\Windows\system32\rsaenh.dll
0x00007ff8ae530000 - 0x00007ff8ae53c000 	C:\Windows\SYSTEM32\CRYPTBASE.dll
0x00007ff8af9c0000 - 0x00007ff8afa59000 	C:\Windows\System32\bcryptPrimitives.dll
0x00007ff8abf90000 - 0x00007ff8abf9f000 	C:\Users\anhng\anaconda3\envs\tf\python3.DLL
0x00007ff8a9870000 - 0x00007ff8a9886000 	C:\Users\anhng\anaconda3\envs\tf\DLLs\_socket.pyd
0x00007ff8ad7d0000 - 0x00007ff8ad803000 	C:\Windows\SYSTEM32\IPHLPAPI.DLL
0x00007ff8a9860000 - 0x00007ff8a986a000 	C:\Users\anhng\anaconda3\envs\tf\DLLs\select.pyd
0x00007ff8a9800000 - 0x00007ff8a982c000 	C:\Users\anhng\anaconda3\envs\tf\DLLs\_ssl.pyd
0x00007ff8af030000 - 0x00007ff8af1a7000 	C:\Windows\System32\CRYPT32.dll
0x00007ff84e660000 - 0x00007ff84ecbf000 	C:\Users\anhng\anaconda3\envs\tf\Library\bin\libcrypto-3-x64.dll
0x00007ff8a8810000 - 0x00007ff8a8946000 	C:\Users\anhng\anaconda3\envs\tf\Library\bin\libssl-3-x64.dll
0x00007ff8b1c90000 - 0x00007ff8b1e5a000 	C:\Windows\System32\USER32.dll
0x00007ff8af990000 - 0x00007ff8af9b7000 	C:\Windows\System32\win32u.dll
0x00007ff8b16f0000 - 0x00007ff8b171b000 	C:\Windows\System32\GDI32.dll
0x00007ff8af850000 - 0x00007ff8af982000 	C:\Windows\System32\gdi32full.dll
0x00007ff8afa60000 - 0x00007ff8afb03000 	C:\Windows\System32\msvcp_win.dll
0x00007ff8b18c0000 - 0x00007ff8b18f0000 	C:\Windows\System32\IMM32.DLL
0x00007ff8a97e0000 - 0x00007ff8a97f2000 	C:\Users\anhng\anaconda3\envs\tf\DLLs\_asyncio.pyd
0x00007ff8a97d0000 - 0x00007ff8a97de000 	C:\Users\anhng\anaconda3\envs\tf\DLLs\_overlapped.pyd
0x00007ff8ae300000 - 0x00007ff8ae36a000 	C:\Windows\system32\mswsock.dll
0x00007ff8a8d90000 - 0x00007ff8a8da7000 	C:\Users\anhng\anaconda3\envs\tf\DLLs\_bz2.pyd
0x00007ff8a8a40000 - 0x00007ff8a8a6a000 	C:\Users\anhng\anaconda3\envs\tf\DLLs\_lzma.pyd
0x00007ff8a8d80000 - 0x00007ff8a8d89000 	C:\Users\anhng\anaconda3\envs\tf\DLLs\_queue.pyd
0x00007ff8a81e0000 - 0x00007ff8a8201000 	C:\Users\anhng\anaconda3\envs\tf\DLLs\_ctypes.pyd
0x00007ff8b13d0000 - 0x00007ff8b156f000 	C:\Windows\System32\ole32.dll
0x00007ff8b1900000 - 0x00007ff8b1c84000 	C:\Windows\System32\combase.dll
0x00007ff8b1190000 - 0x00007ff8b1270000 	C:\Windows\System32\OLEAUT32.dll
0x00007ff8a8d70000 - 0x00007ff8a8d7b000 	C:\Users\anhng\anaconda3\envs\tf\DLLs\libffi-7.dll
0x00007ff8b03d0000 - 0x00007ff8b0afd000 	C:\Windows\System32\shell32.DLL
0x00007ff8af6d0000 - 0x00007ff8af844000 	C:\Windows\System32\wintypes.dll
0x00007ff8a8a30000 - 0x00007ff8a8a3a000 	C:\Users\anhng\anaconda3\envs\tf\DLLs\_multiprocessing.pyd
0x00007ff8a6c20000 - 0x00007ff8a6c32000 	C:\Users\anhng\anaconda3\envs\tf\DLLs\_hashlib.pyd
0x00007ff84ed30000 - 0x00007ff84f234000 	D:\Edu\4.2.1\personal_project\Chatbot-RAG\myenv\lib\site-packages\pydantic_core\_pydantic_core.cp39-win_amd64.pyd
0x00007ff8aef10000 - 0x00007ff8aef36000 	C:\Windows\SYSTEM32\bcrypt.dll
0x00007ff898b00000 - 0x00007ff898b44000 	C:\Users\anhng\anaconda3\envs\tf\DLLs\_decimal.pyd
0x00007ff8a8a20000 - 0x00007ff8a8a2e000 	C:\Users\anhng\anaconda3\envs\tf\DLLs\_zoneinfo.pyd
0x00007ff8a8800000 - 0x00007ff8a8809000 	C:\Users\anhng\anaconda3\envs\tf\DLLs\_uuid.pyd
0x00007ff8989e0000 - 0x00007ff898af4000 	C:\Users\anhng\anaconda3\envs\tf\DLLs\unicodedata.pyd
0x00007ff8a0190000 - 0x00007ff8a01cc000 	D:\Edu\4.2.1\personal_project\Chatbot-RAG\myenv\lib\site-packages\orjson\orjson.cp39-win_amd64.pyd
0x00007ff89b9a0000 - 0x00007ff89b9d0000 	D:\Edu\4.2.1\personal_project\Chatbot-RAG\myenv\lib\site-packages\sqlalchemy\cyextension\collections.cp39-win_amd64.pyd
0x00007ff8a6c00000 - 0x00007ff8a6c18000 	D:\Edu\4.2.1\personal_project\Chatbot-RAG\myenv\lib\site-packages\sqlalchemy\cyextension\immutabledict.cp39-win_amd64.pyd
0x00007ff89b8c0000 - 0x00007ff89b8d4000 	D:\Edu\4.2.1\personal_project\Chatbot-RAG\myenv\lib\site-packages\sqlalchemy\cyextension\processors.cp39-win_amd64.pyd
0x00007ff8997a0000 - 0x00007ff8997b4000 	D:\Edu\4.2.1\personal_project\Chatbot-RAG\myenv\lib\site-packages\sqlalchemy\cyextension\resultproxy.cp39-win_amd64.pyd
0x00007ff899780000 - 0x00007ff899797000 	D:\Edu\4.2.1\personal_project\Chatbot-RAG\myenv\lib\site-packages\sqlalchemy\cyextension\util.cp39-win_amd64.pyd
0x00007ff8989a0000 - 0x00007ff8989da000 	D:\Edu\4.2.1\personal_project\Chatbot-RAG\myenv\lib\site-packages\greenlet\_greenlet.cp39-win_amd64.pyd
0x00007ff852640000 - 0x00007ff852896000 	D:\Edu\4.2.1\personal_project\Chatbot-RAG\myenv\lib\site-packages\psycopg2\_psycopg.cp39-win_amd64.pyd
0x00007ff8ac050000 - 0x00007ff8ac05d000 	C:\Windows\SYSTEM32\Secur32.dll
0x00007ff8a7170000 - 0x00007ff8a7178000 	C:\Windows\SYSTEM32\SHFOLDER.dll
0x00007ff8ae050000 - 0x00007ff8ae098000 	C:\Windows\SYSTEM32\SSPICLI.DLL
0x00007ff84de60000 - 0x00007ff84e652000 	D:\Edu\4.2.1\personal_project\Chatbot-RAG\myenv\lib\site-packages\cryptography\hazmat\bindings\_rust.pyd
0x00007ff898960000 - 0x00007ff898992000 	D:\Edu\4.2.1\personal_project\Chatbot-RAG\myenv\lib\site-packages\_cffi_backend.cp39-win_amd64.pyd
0x00007ff898910000 - 0x00007ff89895f000 	D:\Edu\4.2.1\personal_project\Chatbot-RAG\myenv\lib\site-packages\bcrypt\_bcrypt.pyd
0x00007ff84fc90000 - 0x00007ff84ff68000 	D:\Edu\4.2.1\personal_project\Chatbot-RAG\myenv\lib\site-packages\numpy\core\_multiarray_umath.cp39-win_amd64.pyd
0x00007ff83d790000 - 0x00007ff83f846000 	D:\Edu\4.2.1\personal_project\Chatbot-RAG\myenv\lib\site-packages\numpy.libs\libopenblas64__v0.3.23-293-gc2f4bdbb-gcc_10_3_0-2bde3a66a51006b2b53eb373ff767a3f.dll
0x00007ff898cd0000 - 0x00007ff898ce4000 	D:\Edu\4.2.1\personal_project\Chatbot-RAG\myenv\lib\site-packages\numpy\core\_multiarray_tests.cp39-win_amd64.pyd
0x00007ff898c40000 - 0x00007ff898c5d000 	D:\Edu\4.2.1\personal_project\Chatbot-RAG\myenv\lib\site-packages\numpy\linalg\_umath_linalg.cp39-win_amd64.pyd
0x00007ff8988f0000 - 0x00007ff89890e000 	D:\Edu\4.2.1\personal_project\Chatbot-RAG\myenv\lib\site-packages\numpy\fft\_pocketfft_internal.cp39-win_amd64.pyd
0x00007ff898850000 - 0x00007ff8988e7000 	D:\Edu\4.2.1\personal_project\Chatbot-RAG\myenv\lib\site-packages\numpy\random\mtrand.cp39-win_amd64.pyd
0x00007ff898820000 - 0x00007ff89884c000 	D:\Edu\4.2.1\personal_project\Chatbot-RAG\myenv\lib\site-packages\numpy\random\bit_generator.cp39-win_amd64.pyd
0x00007ff8987f0000 - 0x00007ff89881f000 	D:\Edu\4.2.1\personal_project\Chatbot-RAG\myenv\lib\site-packages\numpy\random\_common.cp39-win_amd64.pyd
0x00007ff898330000 - 0x00007ff898374000 	D:\Edu\4.2.1\personal_project\Chatbot-RAG\myenv\lib\site-packages\numpy\random\_bounded_integers.cp39-win_amd64.pyd
0x00007ff898310000 - 0x00007ff898327000 	D:\Edu\4.2.1\personal_project\Chatbot-RAG\myenv\lib\site-packages\numpy\random\_mt19937.cp39-win_amd64.pyd
0x00007ff894b00000 - 0x00007ff894b15000 	D:\Edu\4.2.1\personal_project\Chatbot-RAG\myenv\lib\site-packages\numpy\random\_philox.cp39-win_amd64.pyd
0x00007ff894ae0000 - 0x00007ff894afa000 	D:\Edu\4.2.1\personal_project\Chatbot-RAG\myenv\lib\site-packages\numpy\random\_pcg64.cp39-win_amd64.pyd
0x00007ff8a3f60000 - 0x00007ff8a3f70000 	D:\Edu\4.2.1\personal_project\Chatbot-RAG\myenv\lib\site-packages\numpy\random\_sfc64.cp39-win_amd64.pyd
0x00007ff894a30000 - 0x00007ff894adf000 	D:\Edu\4.2.1\personal_project\Chatbot-RAG\myenv\lib\site-packages\numpy\random\_generator.cp39-win_amd64.pyd
0x00007ff8a3c60000 - 0x00007ff8a3c67000 	D:\Edu\4.2.1\personal_project\Chatbot-RAG\myenv\lib\site-packages\charset_normalizer\md.cp39-win_amd64.pyd
0x00007ff894a00000 - 0x00007ff894a23000 	D:\Edu\4.2.1\personal_project\Chatbot-RAG\myenv\lib\site-packages\charset_normalizer\md__mypyc.cp39-win_amd64.pyd
0x00007ff88f2d0000 - 0x00007ff88f35d000 	C:\Users\anhng\anaconda3\envs\tf\msvcp140.dll
0x00007ff8a0160000 - 0x00007ff8a016c000 	C:\Users\anhng\anaconda3\envs\tf\VCRUNTIME140_1.dll
0x00007ff891710000 - 0x00007ff89176c000 	D:\Edu\4.2.1\personal_project\Chatbot-RAG\myenv\lib\site-packages\torch\lib\asmjit.dll
0x00007ff852020000 - 0x00007ff852237000 	D:\Edu\4.2.1\personal_project\Chatbot-RAG\myenv\lib\site-packages\torch\lib\c10.dll
0x00007ff8a3430000 - 0x00007ff8a3671000 	C:\Windows\SYSTEM32\dbghelp.dll
0x00007ff882270000 - 0x00007ff8822f3000 	D:\Edu\4.2.1\personal_project\Chatbot-RAG\myenv\lib\site-packages\torch\lib\c10_cuda.dll
0x00007ff876fd0000 - 0x00007ff877058000 	D:\Edu\4.2.1\personal_project\Chatbot-RAG\myenv\lib\site-packages\torch\lib\cudart64_12.dll
0x00007ff899750000 - 0x00007ff899759000 	D:\Edu\4.2.1\personal_project\Chatbot-RAG\myenv\lib\site-packages\torch\lib\caffe2_nvrtc.dll
0x00007ff83aeb0000 - 0x00007ff83d78d000 	D:\Edu\4.2.1\personal_project\Chatbot-RAG\myenv\lib\site-packages\torch\lib\nvrtc64_120_0.dll
0x00007ff81f970000 - 0x00007ff82570c000 	D:\Edu\4.2.1\personal_project\Chatbot-RAG\myenv\lib\site-packages\torch\lib\cublas64_12.dll
0x00007fffdcd30000 - 0x00007ffffffee000 	D:\Edu\4.2.1\personal_project\Chatbot-RAG\myenv\lib\site-packages\torch\lib\cublasLt64_12.dll
0x00007ff84da90000 - 0x00007ff84de54000 	C:\Windows\SYSTEM32\nvcuda.dll
0x00007ff891360000 - 0x00007ff8913ab000 	D:\Edu\4.2.1\personal_project\Chatbot-RAG\myenv\lib\site-packages\torch\lib\cudnn64_8.dll
0x00007ff818190000 - 0x00007ff81f96f000 	D:\Edu\4.2.1\personal_project\Chatbot-RAG\myenv\lib\site-packages\torch\lib\cudnn_adv_infer64_8.dll
0x00007ff812bb0000 - 0x00007ff81818f000 	D:\Edu\4.2.1\personal_project\Chatbot-RAG\myenv\lib\site-packages\torch\lib\cudnn_ops_infer64_8.dll
0x00007ff8071b0000 - 0x00007ff80e182000 	D:\Edu\4.2.1\personal_project\Chatbot-RAG\myenv\lib\site-packages\torch\lib\cudnn_adv_train64_8.dll
0x00007ff802e80000 - 0x00007ff8071a8000 	D:\Edu\4.2.1\personal_project\Chatbot-RAG\myenv\lib\site-packages\torch\lib\cudnn_ops_train64_8.dll
0x00007fffb9fa0000 - 0x00007fffdcd23000 	D:\Edu\4.2.1\personal_project\Chatbot-RAG\myenv\lib\site-packages\torch\lib\cudnn_cnn_infer64_8.dll
0x00007fffb2aa0000 - 0x00007fffb9f98000 	D:\Edu\4.2.1\personal_project\Chatbot-RAG\myenv\lib\site-packages\torch\lib\cudnn_cnn_train64_8.dll
0x00007fffa7420000 - 0x00007fffb2a9c000 	D:\Edu\4.2.1\personal_project\Chatbot-RAG\myenv\lib\site-packages\torch\lib\cufft64_11.dll
0x00007ff88f640000 - 0x00007ff88f68f000 	D:\Edu\4.2.1\personal_project\Chatbot-RAG\myenv\lib\site-packages\torch\lib\cufftw64_11.dll
0x00007ff84d1b0000 - 0x00007ff84d5db000 	D:\Edu\4.2.1\personal_project\Chatbot-RAG\myenv\lib\site-packages\torch\lib\cupti64_2023.1.1.dll
0x00007fffa3150000 - 0x00007fffa741f000 	D:\Edu\4.2.1\personal_project\Chatbot-RAG\myenv\lib\site-packages\torch\lib\curand64_10.dll
0x00007fff9c820000 - 0x00007fffa314a000 	D:\Edu\4.2.1\personal_project\Chatbot-RAG\myenv\lib\site-packages\torch\lib\cusolver64_11.dll
0x00007fff8cdd0000 - 0x00007fff9c815000 	D:\Edu\4.2.1\personal_project\Chatbot-RAG\myenv\lib\site-packages\torch\lib\cusparse64_12.dll
0x00007ff838dc0000 - 0x00007ff83aea7000 	D:\Edu\4.2.1\personal_project\Chatbot-RAG\myenv\lib\site-packages\torch\lib\nvJitLink_120_0.dll
0x00007fff88450000 - 0x00007fff8cdcf000 	D:\Edu\4.2.1\personal_project\Chatbot-RAG\myenv\lib\site-packages\torch\lib\cusolverMg64_11.dll
0x00007ff84cce0000 - 0x00007ff84d1b0000 	D:\Edu\4.2.1\personal_project\Chatbot-RAG\myenv\lib\site-packages\torch\lib\fbgemm.dll
0x00007ff893a10000 - 0x00007ff893a40000 	C:\Users\anhng\anaconda3\envs\tf\VCOMP140.DLL
0x00007ff84f7e0000 - 0x00007ff84f9e9000 	D:\Edu\4.2.1\personal_project\Chatbot-RAG\myenv\lib\site-packages\torch\lib\libiomp5md.dll
0x00007ff898d40000 - 0x00007ff898d4d000 	D:\Edu\4.2.1\personal_project\Chatbot-RAG\myenv\lib\site-packages\torch\lib\libiompstubs5md.dll
0x00007ff84c620000 - 0x00007ff84ccd3000 	D:\Edu\4.2.1\personal_project\Chatbot-RAG\myenv\lib\site-packages\torch\lib\nvrtc-builtins64_121.dll
0x00007ff898cc0000 - 0x00007ff898cd0000 	D:\Edu\4.2.1\personal_project\Chatbot-RAG\myenv\lib\site-packages\torch\lib\nvToolsExt64_1.dll
0x00007ff898c30000 - 0x00007ff898c39000 	D:\Edu\4.2.1\personal_project\Chatbot-RAG\myenv\lib\site-packages\torch\lib\shm.dll
0x00007fff4b560000 - 0x00007fff532fd000 	D:\Edu\4.2.1\personal_project\Chatbot-RAG\myenv\lib\site-packages\torch\lib\torch_cpu.dll
0x00007ff84c360000 - 0x00007ff84c61d000 	D:\Edu\4.2.1\personal_project\Chatbot-RAG\myenv\lib\site-packages\torch\lib\uv.dll
0x00007ff8b0b10000 - 0x00007ff8b0b18000 	C:\Windows\System32\PSAPI.DLL
0x00007ff8ae3a0000 - 0x00007ff8ae3cb000 	C:\Windows\SYSTEM32\USERENV.dll
0x00007fff48110000 - 0x00007fff4b55a000 	C:\Users\anhng\anaconda3\envs\tf\Library\bin\mkl_intel_thread.1.dll
0x00007fff53300000 - 0x00007fff88448000 	D:\Edu\4.2.1\personal_project\Chatbot-RAG\myenv\lib\site-packages\torch\lib\torch_cuda.dll
0x00007ff8987e0000 - 0x00007ff8987e7000 	D:\Edu\4.2.1\personal_project\Chatbot-RAG\myenv\lib\site-packages\torch\lib\torch.dll
0x00007ff898300000 - 0x00007ff898307000 	D:\Edu\4.2.1\personal_project\Chatbot-RAG\myenv\lib\site-packages\torch\lib\torch_global_deps.dll
0x00007ff847e30000 - 0x00007ff848cd0000 	D:\Edu\4.2.1\personal_project\Chatbot-RAG\myenv\lib\site-packages\torch\lib\torch_python.dll
0x0000000010000000 - 0x000000001001a000 	D:\Edu\4.2.1\personal_project\Chatbot-RAG\myenv\lib\site-packages\torch\lib\zlibwapi.dll
0x00007ff8949f0000 - 0x00007ff8949f7000 	D:\Edu\4.2.1\personal_project\Chatbot-RAG\myenv\lib\site-packages\torch\_C.cp39-win_amd64.pyd
0x00007fff43640000 - 0x00007fff4810e000 	C:\Users\anhng\anaconda3\envs\tf\Library\bin\mkl_core.1.dll

dbghelp: loaded successfully - version: 4.0.5 - missing functions: none
symbol engine: initialized successfully - sym options: 0x614 - pdb path: .;C:\Users\anhng\anaconda3\envs\tf;C:\Windows\SYSTEM32;C:\Users\anhng\anaconda3\envs\tf\DLLs;C:\Users\anhng\anaconda3\envs\tf\Library\bin;D:\Edu\4.2.1\personal_project\Chatbot-RAG\myenv\lib\site-packages\pydantic_core;D:\Edu\4.2.1\personal_project\Chatbot-RAG\myenv\lib\site-packages\orjson;D:\Edu\4.2.1\personal_project\Chatbot-RAG\myenv\lib\site-packages\sqlalchemy\cyextension;D:\Edu\4.2.1\personal_project\Chatbot-RAG\myenv\lib\site-packages\greenlet;D:\Edu\4.2.1\personal_project\Chatbot-RAG\myenv\lib\site-packages\psycopg2;D:\Edu\4.2.1\personal_project\Chatbot-RAG\myenv\lib\site-packages\cryptography\hazmat\bindings;D:\Edu\4.2.1\personal_project\Chatbot-RAG\myenv\lib\site-packages;D:\Edu\4.2.1\personal_project\Chatbot-RAG\myenv\lib\site-packages\bcrypt;D:\Edu\4.2.1\personal_project\Chatbot-RAG\myenv\lib\site-packages\numpy\core;D:\Edu\4.2.1\personal_project\Chatbot-RAG\myenv\lib\site-packages\numpy.libs;D:\Edu\4.2.1\personal_project\Chatbot-RAG\myenv\lib\site-packages\numpy\linalg;D:\Edu\4.2.1\personal_project\Chatbot-RAG\myenv\lib\site-packages\numpy\fft;D:\Edu\4.2.1\personal_project\Chatbot-RAG\myenv\lib\site-packages\numpy\random;D:\Edu\4.2.1\personal_project\Chatbot-RAG\myenv\lib\site-packages\charset_normalizer;D:\Edu\4.2.1\personal_project\Chatbot-RAG\myenv\lib\site-packages\torch\lib;D:\Edu\4.2.1\personal_project\Chatbot-RAG\myenv\lib\site-packages\torch;D:\Edu\4.2.1\personal_project\Chatbot-RAG\myenv\lib\site-packages\yaml;D:\Edu\4.2.1\personal_project\Chatbot-RAG\myenv\lib\site-packages\markupsafe;D:\Edu\4.2.1\personal_project\Chatbot-RAG\myenv\lib\site-packages\PIL;D:\Edu\4.2.1\personal_project\Chatbot-RAG\myenv\lib\site-packages\tokenizers;D:\Edu\4.2.1\personal_project\Chatbot-RAG\myenv\lib\site-packages\safetensors;D:\Edu\4.2.1\personal_project\Chatbot-RAG\myenv\lib\site-packages\sklearn\__check_build;D:\Edu\4.2.1\personal_project\Chatbot-RAG\myenv\lib\site-packages\sklearn\.libs;D:\Edu\4.2.1\personal_project\Chatbot-RAG\myenv\lib\site-packages\scipy\_lib;D:\Edu\4.2.1\personal_project\Chatbot-RAG\myenv\lib\site-packages\scipy\sparse;D:\Edu\4.2.1\personal_project\Chatbot-RAG\myenv\lib\site-packages\scipy\linalg;D:\Edu\4.2.1\personal_project\Chatbot-RAG\myenv\lib\site-packages\scipy.libs;D:\Edu\4.2.1\personal_project\Chatbot-RAG\myenv\lib\site-packages\scipy\sparse\linalg\_dsolve;D:\Edu\4.2.1\personal_project\Chatbot-RAG\myenv\lib\site-packages\scipy\sparse\linalg\_eigen\arpack;D:\Edu\4.2.1\personal_project\Chatbot-RAG\myenv\lib\site-packages\scipy\sparse\linalg\_propack;D:\Edu\4.2.1\personal_project\Chatbot-RAG\myenv\lib\site-packages\scipy\sparse\csgraph;D:\Edu\4.2.1\personal_project\Chatbot-RAG\myenv\lib\site-packages\scipy\special;D:\Edu\4.2.1\personal_project\Chatbot-RAG\myenv\lib\site-packages\scipy\spatial;D:\Edu\4.2.1\personal_project\Chatbot-RAG\myenv\lib\site-packages\scipy\spatial\transform;D:\Edu\4.2.1\personal_project\Chatbot-RAG\myenv\lib\site-packages\scipy\ndimage;D:\Edu\4.2.1\personal_project\Chatbot-RAG\myenv\lib\site-packages\scipy\optimize;D:\Edu\4.2.1\personal_project\Chatbot-RAG\myenv\lib\site-packages\scipy\optimize\_trlib;D:\Edu\4.2.1\personal_project\Chatbot-RAG\myenv\lib\site-packages\scipy\optimize\_lsq;D:\Edu\4.2.1\personal_project\Chatbot-RAG\myenv\lib\site-packages\scipy\optimize\_highs;D:\Edu\4.2.1\personal_project\Chatbot-RAG\myenv\lib\site-packages\scipy\integrate;D:\Edu\4.2.1\personal_project\Chatbot-RAG\myenv\lib\site-packages\scipy\stats;D:\Edu\4.2.1\personal_project\Chatbot-RAG\myenv\lib\site-packages\scipy\stats\_boost;D:\Edu\4.2.1\personal_project\Chatbot-RAG\myenv\lib\site-packages\scipy\interpolate;D:\Edu\4.2.1\personal_project\Chatbot-RAG\myenv\lib\site-packages\scipy\stats\_levy_stable;D:\Edu\4.2.1\personal_project\Chatbot-RAG\myenv\lib\site-packages\scipy\_lib\_uarray;D:\Edu\4.2.1\personal_project\Chatbot-RAG\myenv\lib\site-packages\scipy\fft\_pocketfft;D:\Edu\4.2.1\personal_project\Chatbot-RAG\myenv\lib\site-packages\scipy\stats\_rcont;D:\Edu\4.2.1\personal_project\Chatbot-RAG\myenv\lib\site-packages\scipy\stats\_unuran;D:\Edu\4.2.1\personal_project\Chatbot-RAG\myenv\lib\site-packages\pandas\_libs;D:\Edu\4.2.1\personal_project\Chatbot-RAG\myenv\lib\site-packages\pandas\_libs\tslibs;D:\Edu\4.2.1\personal_project\Chatbot-RAG\myenv\lib\site-packages\pandas\_libs\window;D:\Edu\4.2.1\personal_project\Chatbot-RAG\myenv\lib\site-packages\pandas.libs;D:\Edu\4.2.1\personal_project\Chatbot-RAG\myenv\lib\site-packages\sklearn\utils;D:\Edu\4.2.1\personal_project\Chatbot-RAG\myenv\lib\site-packages\sklearn\metrics\cluster;D:\Edu\4.2.1\personal_project\Chatbot-RAG\myenv\lib\site-packages\sklearn\preprocessing;D:\Edu\4.2.1\personal_project\Chatbot-RAG\myenv\lib\site-packages\sklearn\metrics;D:\Edu\4.2.1\personal_project\Chatbot-RAG\myenv\lib\site-packages\sklearn\metrics\_pairwise_distances_reduction;D:\Edu\4.2.1\personal_project\Chatbot-RAG\myenv\lib\site-packages\tensorflow\python;C:\Program Files\NVIDIA GPU Computing Toolkit\CUDA\v11.2\bin;D:\Edu\4.2.1\personal_project\Chatbot-RAG\myenv\lib\site-packages\google\protobuf\internal;D:\Edu\4.2.1\personal_project\Chatbot-RAG\myenv\lib\site-packages\google\protobuf\pyext;D:\Edu\4.2.1\personal_project\Chatbot-RAG\myenv\lib\site-packages\tensorflow\python\platform;D:\Edu\4.2.1\personal_project\Chatbot-RAG\myenv\lib\site-packages\tensorflow\python\client;D:\Edu\4.2.1\personal_project\Chatbot-RAG\myenv\lib\site-packages\tensorflow\python\util;D:\Edu\4.2.1\personal_project\Chatbot-RAG\myenv\lib\site-packages\wrapt;D:\Edu\4.2.1\personal_project\Chatbot-RAG\myenv\lib\site-packages\tensorflow\python\framework;D:\Edu\4.2.1\personal_project\Chatbot-RAG\myenv\lib\site-packages\tensorflow\python\lib\core;D:\Edu\4.2.1\personal_project\Chatbot-RAG\myenv\lib\site-packages\tensorflow\python\profiler\internal;D:\Edu\4.2.1\personal_project\Chatbot-RAG\myenv\lib\site-packages\tensorflow\python\data\experimental\service;D:\Edu\4.2.1\personal_project\Chatbot-RAG\myenv\lib\site-packages\tensorflow\python\lib\io;D:\Edu\4.2.1\personal_project\Chatbot-RAG\myenv\lib\site-packages\tensorflow\python\saved_model;D:\Edu\4.2.1\personal_project\Chatbot-RAG\myenv\lib\site-packages\tensorflow\compiler\tf2tensorrt;D:\Edu\4.2.1\personal_project\Chatbot-RAG\myenv\lib\site-packages\tensorflow\python\grappler;D:\Edu\4.2.1\personal_project\Chatbot-RAG\myenv\lib\site-packages\h5py;D:\Edu\4.2.1\personal_project\Chatbot-RAG\myenv\lib\site-packages\tensorflow\lite\python\metrics;D:\Edu\4.2.1\personal_project\Chatbot-RAG\myenv\lib\site-packages\tensorflow\lite\experimental\microfrontend\python\ops;D:\Edu\4.2.1\personal_project\Chatbot-RAG\myenv\lib\site-packages\tensorflow\lite\python\interpreter_wrapper;D:\Edu\4.2.1\personal_project\Chatbot-RAG\myenv\lib\site-packages\tensorflow\lite\python\analyzer_wrapper;D:\Edu\4.2.1\personal_project\Chatbot-RAG\myenv\lib\site-packages\zstandard;C:\Windows\system32\DriverStore\FileRepository\nvlti.inf_amd64_2b05990913fda87e;D:\Edu\4.2.1\personal_project\Chatbot-RAG\myenv\lib\site-packages\grpc\_cython;D:\Edu\4.2.1\personal_project\Chatbot-RAG\myenv\lib\site-packages\win32;D:\Edu\4.2.1\personal_project\Chatbot-RAG\myenv\lib\site-packages\pywin32_system32;D:\Edu\4.2.1\personal_project\Chatbot-RAG\myenv\lib\site-packages\pymupdf;D:\Edu\4.2.1\personal_project\Chatbot-RAG\myenv\lib\site-packages\lxml;D:\Edu\4.2.1\personal_project\Chatbot-RAG\myenv\lib\site-packages\jiter;C:\Windows\WinSxS\amd64_microsoft.windows.common-controls_6595b64144ccf1df_6.0.26100.3912_none_3e07963ce335137e;D:\Edu\4.2.1\personal_project\Chatbot-RAG\myenv\lib\site-packages\regex;D:\Edu\4.2.1\personal_project\Chatbot-RAG\myenv\lib\site-packages\sklearn\feature_extraction;D:\Edu\4.2.1\personal_project\Chatbot-RAG\myenv\lib\site-packages\pycrfsuite;D:\Edu\4.2.1\personal_project\Chatbot-RAG\myenv\lib\site-packages\sklearn\linear_model;D:\Edu\4.2.1\personal_project\Chatbot-RAG\myenv\lib\site-packages\sklearn\_loss;D:\Edu\4.2.1\personal_project\Chatbot-RAG\myenv\lib\site-packages\sklearn\svm;D:\Edu\4.2.1\personal_project\Chatbot-RAG\myenv\lib\site-packages\scipy\io\matlab;D:\Edu\4.2.1\personal_project\Chatbot-RAG\myenv\lib\site-packages\sklearn\datasets;C:\Program Files\Java\jdk-21\bin\server;C:\Program Files\Java\jdk-21\bin

VM Arguments:
jvm_args: -Dfile.encoding=UTF8 -Dorg.slf4j.simpleLogger.defaultLogLevel=off -Dorg.apache.commons.logging.Log=org.apache.commons.logging.impl.NoOpLog 
java_command: <unknown>
java_class_path (initial): D:\Edu\4.2.1\personal_project\Chatbot-RAG\myenv\lib\site-packages\tabula\tabula-1.0.5-jar-with-dependencies.jar;D:\Edu\4.2.1\personal_project\Chatbot-RAG\myenv\lib\site-packages\org.jpype.jar
Launcher Type: generic

[Global flags]
     intx CICompilerCount                          = 4                                         {product} {ergonomic}
     uint ConcGCThreads                            = 3                                         {product} {ergonomic}
     uint G1ConcRefinementThreads                  = 10                                        {product} {ergonomic}
   size_t G1HeapRegionSize                         = 2097152                                   {product} {ergonomic}
    uintx GCDrainStackTargetSize                   = 64                                        {product} {ergonomic}
   size_t InitialHeapSize                          = 257949696                                 {product} {ergonomic}
   size_t MarkStackSize                            = 4194304                                   {product} {ergonomic}
   size_t MaxHeapSize                              = 4127195136                                {product} {ergonomic}
   size_t MaxNewSize                               = 2474639360                                {product} {ergonomic}
   size_t MinHeapDeltaBytes                        = 2097152                                   {product} {ergonomic}
   size_t MinHeapSize                              = 8388608                                   {product} {ergonomic}
    uintx NonNMethodCodeHeapSize                   = 5839372                                {pd product} {ergonomic}
    uintx NonProfiledCodeHeapSize                  = 122909434                              {pd product} {ergonomic}
    uintx ProfiledCodeHeapSize                     = 122909434                              {pd product} {ergonomic}
    uintx ReservedCodeCacheSize                    = 251658240                              {pd product} {ergonomic}
     bool SegmentedCodeCache                       = true                                      {product} {ergonomic}
   size_t SoftMaxHeapSize                          = 4127195136                             {manageable} {ergonomic}
     bool UseCompressedOops                        = true                           {product lp64_product} {ergonomic}
     bool UseG1GC                                  = true                                      {product} {ergonomic}
     bool UseLargePagesIndividualAllocation        = false                                  {pd product} {ergonomic}

Logging:
Log output configuration:
 #0: stdout all=off uptime,level,tags foldmultilines=false
 #1: stderr all=off uptime,level,tags foldmultilines=false

Environment Variables:
JAVA_HOME=C:\Program Files\Java\jdk-21
PATH=c:\Users\anhng\.cursor\extensions\ms-python.python-2025.6.1-win32-x64\python_files\deactivate\powershell;D:\Edu\4.2.1\personal_project\Chatbot-RAG\myenv\Scripts;c:\Users\anhng\.cursor\extensions\ms-python.python-2025.6.1-win32-x64\python_files\deactivate\powershell;D:\Edu\4.2.1\personal_project\Chatbot-RAG\myenv\Scripts;C:\Program Files\NVIDIA GPU Computing Toolkit\CUDA\v11.2\bin;C:\Program Files\NVIDIA GPU Computing Toolkit\CUDA\v11.2\libnvvp;c:\Users\anhng\AppData\Local\Programs\cursor\resources\app\bin;C:\Program Files\Java\jdk-21\bin;C:\Program Files\Common Files\Oracle\Java\javapath;C:\Windows\system32;C:\Windows;C:\Windows\System32\Wbem;C:\Windows\System32\WindowsPowerShell\v1.0\;C:\Windows\System32\OpenSSH\;C:\Program Files (x86)\NVIDIA Corporation\PhysX\Common;C:\Users\anhng\AppData\Local\Programs\Python\Python39-32\Scripts\;C:\Users\anhng\AppData\Local\Programs\Python\Python39-32\;C:\Users\anhng\AppData\Local\Programs\Python\Python311\Scripts\;C:\Users\anhng\AppData\Local\Programs\Python\Python311\;C:\Users\anhng\AppData\Local\Microsoft\WindowsApps;C:\Users\anhng\AppData\Local\GitHubDesktop\bin;C:\Program Files\JetBrains\PyCharm 2024.3.4\bin;C:\Program Files\Cloudflare\Cloudflare WARP\;C:\Program Files\MySQL\MySQL Server 9.2\bin;C:\Program Files\apache-maven-3.9.9\bin;C:\Program Files\MySQL\MySQL Shell 8.0\bin\;C:\ProgramData\chocolatey\bin;C:\Program Files\NVIDIA Corporation\Nsight Compute 2020.3.0\;C:\Program Files\NVIDIA GPU Computing Toolkit\CUDA\v11.2\bin;C:\ngrok;C:\Program Files\Git\cmd;C:\Program Files (x86)\cloudflared\;C:\Program Files\WireSock VPN Client\bin\;C:\Program Files\NVIDIA Corporation\NVIDIA App\NvDLISR;C:\Program Files\Docker\Docker\resources\bin;C:\poppler\Library\bin;C:\Program Files\nodejs\;C:\Program Files\MySQL\MySQL Shell 8.0\bin\;C:\Users\anhng\AppData\Local\Programs\Python\Python39-32\Scripts\;C:\Users\anhng\AppData\Local\Programs\Python\Python39-32\;C:\Users\anhng\AppData\Local\Programs\Python\Python311\Scripts\;C:\Users\anhng\AppData\Local\Programs\Python\Python311\;C:\Users\anhng\AppData\Local\Microsoft\WindowsApps;C:\Users\anhng\AppData\Local\GitHubDesktop\bin;C:\Users\anhng\AppData\Local\Programs\Microsoft VS Code\bin;C:\Program Files\JetBrains\PyCharm 2024.3.4\bin;;C:\Program Files\MySQL\MySQL Server 8.0\bin;C:\Program Files\MySQL\MySQL Shell 8.0\bin;C:\Program Files\MySQL\MySQL Router 8.0\bin;C:\Program Files\JetBrains\IntelliJ IDEA 2024.3.5\bin;;C:\Program Files\NVIDIA GPU Computing Toolkit\CUDA\v11.2\bin;C:\Users\anhng\AppData\Roaming\npm;C:\Users\anhng\AppData\Local\Programs\cursor\resources\app\bin
USERNAME=anhng
LANG=en_US.UTF-8
OS=Windows_NT
PROCESSOR_IDENTIFIER=AMD64 Family 23 Model 96 Stepping 1, AuthenticAMD
TMP=C:\Users\anhng\AppData\Local\Temp
TEMP=C:\Users\anhng\AppData\Local\Temp




Periodic native trim disabled

---------------  S Y S T E M  ---------------

OS:
 Windows 11 , 64 bit Build 26100 (10.0.26100.3912)
OS uptime: 0 days 2:00 hours
Hyper-V role detected

CPU: total 12 (initial active 12) (12 cores per cpu, 2 threads per core) family 23 model 96 stepping 1 microcode 0x8600104, cx8, cmov, fxsr, ht, mmx, 3dnowpref, sse, sse2, sse3, ssse3, sse4a, sse4.1, sse4.2, popcnt, lzcnt, tsc, tscinvbit, avx, avx2, aes, clmul, bmi1, bmi2, adx, sha, fma, vzeroupper, clflush, clflushopt, hv, rdtscp, rdpid, f16c
Processor Information for all 12 processors :
  Max Mhz: 3000, Current Mhz: 3000, Mhz Limit: 3000

Memory: 4k page, system-wide physical 15741M (2442M free)
TotalPageFile size 22864M (AvailPageFile size 1753M)
current process WorkingSet (physical memory assigned to process): 1805M, peak: 1843M
current process commit charge ("private bytes"): 4058M, peak: 4418M

vm_info: Java HotSpot(TM) 64-Bit Server VM (21.0.6+8-LTS-188) for windows-amd64 JRE (21.0.6+8-LTS-188), built on 2024-12-03T10:50:54Z by "mach5one" with MS VC++ 17.6 (VS2022)

END.
